Maven errors: 0
Gradle errors: 0
Unsolved types: 162
Unsupported errors: 23
Unknown ancestral: 0
Unknown signaler: 75

GENERAL ERRORS
Falha em ArtifactResolver. O arquivo java não possui package declaration. File: D:\Desenvolvimento\Projetos Github\running\facebook buck\third-party\java\dx\tests\123-dex-transform-invalid-virtual-to-direct\Zorch.java
Falha em ArtifactResolver. O arquivo java não possui package declaration. File: D:\Desenvolvimento\Projetos Github\running\facebook buck\third-party\java\dx\tests\122-switch-with-high-register\Blort.java
Falha em ArtifactResolver. O arquivo java não possui package declaration. File: D:\Desenvolvimento\Projetos Github\running\facebook buck\third-party\java\dx\tests\121-sccp\Blort.java
Falha em ArtifactResolver. O arquivo java não possui package declaration. File: D:\Desenvolvimento\Projetos Github\running\facebook buck\third-party\java\dx\tests\118-find-usages\Foo.java
Falha em ArtifactResolver. O arquivo java não possui package declaration. File: D:\Desenvolvimento\Projetos Github\running\facebook buck\third-party\java\dx\tests\113-old-style-inner-class\Blort.java
Falha em ArtifactResolver. O arquivo java não possui package declaration. File: D:\Desenvolvimento\Projetos Github\running\facebook buck\third-party\java\dx\tests\111-use-null-as-array\Blort.java
Falha em ArtifactResolver. O arquivo java não possui package declaration. File: D:\Desenvolvimento\Projetos Github\running\facebook buck\third-party\java\dx\tests\110-dex-preserve-this\Blort.java
Falha em ArtifactResolver. O arquivo java não possui package declaration. File: D:\Desenvolvimento\Projetos Github\running\facebook buck\third-party\java\dx\tests\108-string-annotation\Blort.java
Falha em ArtifactResolver. O arquivo java não possui package declaration. File: D:\Desenvolvimento\Projetos Github\running\facebook buck\third-party\java\dx\tests\108-string-annotation\Fizmo.java
Falha em ArtifactResolver. O arquivo java não possui package declaration. File: D:\Desenvolvimento\Projetos Github\running\facebook buck\third-party\java\dx\tests\108-string-annotation\Frotz.java
Falha em ArtifactResolver. O arquivo java não é válido. File: D:\Desenvolvimento\Projetos Github\running\facebook buck\third-party\java\dx\tests\099-dex-core-library-error\Blort.java
Falha em ArtifactResolver. O arquivo java não é válido. File: D:\Desenvolvimento\Projetos Github\running\facebook buck\third-party\java\dx\tests\099-dex-core-library-error\Muffins.java
Falha em ArtifactResolver. O arquivo java não é válido. File: D:\Desenvolvimento\Projetos Github\running\facebook buck\third-party\java\dx\tests\099-dex-core-library-error\Zorch.java
Falha em ArtifactResolver. O arquivo java não possui package declaration. File: D:\Desenvolvimento\Projetos Github\running\facebook buck\third-party\java\dx\tests\097-dex-branch-offset-zero\Blort.java
Falha em ArtifactResolver. O arquivo java não possui package declaration. File: D:\Desenvolvimento\Projetos Github\running\facebook buck\third-party\java\dx\tests\096-dex-giant-catch\Blort.java
Falha em ArtifactResolver. O arquivo java não possui package declaration. File: D:\Desenvolvimento\Projetos Github\running\facebook buck\third-party\java\dx\tests\095-dex-const-string-jumbo\Blort.java
Falha em ArtifactResolver. O arquivo java não possui package declaration. File: D:\Desenvolvimento\Projetos Github\running\facebook buck\third-party\java\dx\tests\093-ssa-invoke-range\Blort.java
Falha em ArtifactResolver. O arquivo java não possui package declaration. File: D:\Desenvolvimento\Projetos Github\running\facebook buck\third-party\java\dx\tests\092-ssa-cfg-edge-cases\Blort.java
Falha em ArtifactResolver. O arquivo java não possui package declaration. File: D:\Desenvolvimento\Projetos Github\running\facebook buck\third-party\java\dx\tests\091-ssa-const-collector\Blort.java
Falha em ArtifactResolver. O arquivo java não possui package declaration. File: D:\Desenvolvimento\Projetos Github\running\facebook buck\third-party\java\dx\tests\090-dex-unify-arrays\Blort.java
Falha em ArtifactResolver. O arquivo java não é válido. File: D:\Desenvolvimento\Projetos Github\running\facebook buck\third-party\java\dx\tests\089-dex-define-object\Class.java
Falha em ArtifactResolver. O arquivo java não é válido. File: D:\Desenvolvimento\Projetos Github\running\facebook buck\third-party\java\dx\tests\089-dex-define-object\Object.java
Falha em ArtifactResolver. O arquivo java não é válido. File: D:\Desenvolvimento\Projetos Github\running\facebook buck\third-party\java\dx\tests\089-dex-define-object\String.java
Falha em ArtifactResolver. O arquivo java não possui package declaration. File: D:\Desenvolvimento\Projetos Github\running\facebook buck\third-party\java\dx\tests\088-ssa-combine-blocks\Blort.java
Falha em ArtifactResolver. O arquivo java não possui package declaration. File: D:\Desenvolvimento\Projetos Github\running\facebook buck\third-party\java\dx\tests\087-ssa-local-vars\Blort.java
Falha em ArtifactResolver. O arquivo java não possui package declaration. File: D:\Desenvolvimento\Projetos Github\running\facebook buck\third-party\java\dx\tests\086-ssa-edge-split\Blort.java
Falha em ArtifactResolver. O arquivo java não possui package declaration. File: D:\Desenvolvimento\Projetos Github\running\facebook buck\third-party\java\dx\tests\084-dex-high-register-moves\Blort.java
Falha em ArtifactResolver. O arquivo java não possui package declaration. File: D:\Desenvolvimento\Projetos Github\running\facebook buck\third-party\java\dx\tests\083-ssa-phi-placement\Blort.java
Falha em ArtifactResolver. O arquivo java não possui package declaration. File: D:\Desenvolvimento\Projetos Github\running\facebook buck\third-party\java\dx\tests\082-dex-throws-list-sharing\Blort.java
Falha em ArtifactResolver. O arquivo java não possui package declaration. File: D:\Desenvolvimento\Projetos Github\running\facebook buck\third-party\java\dx\tests\081-dex-throws-list\Blort.java
Falha em ArtifactResolver. O arquivo java não possui package declaration. File: D:\Desenvolvimento\Projetos Github\running\facebook buck\third-party\java\dx\tests\080-dex-exception-tables\Blort.java
Falha em ArtifactResolver. O arquivo java não possui package declaration. File: D:\Desenvolvimento\Projetos Github\running\facebook buck\third-party\java\dx\tests\079-dex-local-variable-renumbering\Blort.java
Falha em ArtifactResolver. O arquivo java não possui package declaration. File: D:\Desenvolvimento\Projetos Github\running\facebook buck\third-party\java\dx\tests\078-dex-local-variable-table\Blort.java
Falha em ArtifactResolver. O arquivo java não possui package declaration. File: D:\Desenvolvimento\Projetos Github\running\facebook buck\third-party\java\dx\tests\077-dex-code-alignment\Blort.java
Falha em ArtifactResolver. O arquivo java não possui package declaration. File: D:\Desenvolvimento\Projetos Github\running\facebook buck\third-party\java\dx\tests\076-dex-synch-and-stack\Blort.java
Falha em ArtifactResolver. O arquivo java não possui package declaration. File: D:\Desenvolvimento\Projetos Github\running\facebook buck\third-party\java\dx\tests\075-dex-cat2-value-merge\Blort.java
Falha em ArtifactResolver. O arquivo java não possui package declaration. File: D:\Desenvolvimento\Projetos Github\running\facebook buck\third-party\java\dx\tests\074-dex-form35c-edge-case\Blort.java
Falha em ArtifactResolver. O arquivo java não possui package declaration. File: D:\Desenvolvimento\Projetos Github\running\facebook buck\third-party\java\dx\tests\073-dex-null-array-refs\Blort.java
Falha em ArtifactResolver. O arquivo java não possui package declaration. File: D:\Desenvolvimento\Projetos Github\running\facebook buck\third-party\java\dx\tests\072-dex-switch-edge-cases\Blort.java
Falha em ArtifactResolver. O arquivo java não possui package declaration. File: D:\Desenvolvimento\Projetos Github\running\facebook buck\third-party\java\dx\tests\070-dex-multianewarray\Blort.java
Falha em ArtifactResolver. O arquivo java não possui package declaration. File: D:\Desenvolvimento\Projetos Github\running\facebook buck\third-party\java\dx\tests\069-dex-source-position\Blort.java
Falha em ArtifactResolver. O arquivo java não possui package declaration. File: D:\Desenvolvimento\Projetos Github\running\facebook buck\third-party\java\dx\tests\068-dex-infinite-loop\Blort.java
Falha em ArtifactResolver. O arquivo java não possui package declaration. File: D:\Desenvolvimento\Projetos Github\running\facebook buck\third-party\java\dx\tests\067-dex-switch-and-try\Blort.java
Falha em ArtifactResolver. O arquivo java não possui package declaration. File: D:\Desenvolvimento\Projetos Github\running\facebook buck\third-party\java\dx\tests\066-dex-try-catch-rethrow\Blort.java
Falha em ArtifactResolver. O arquivo java não possui package declaration. File: D:\Desenvolvimento\Projetos Github\running\facebook buck\third-party\java\dx\tests\065-dex-new-array\Blort.java
Falha em ArtifactResolver. O arquivo java não possui package declaration. File: D:\Desenvolvimento\Projetos Github\running\facebook buck\third-party\java\dx\tests\064-dex-array-access\Blort.java
Falha em ArtifactResolver. O arquivo java não possui package declaration. File: D:\Desenvolvimento\Projetos Github\running\facebook buck\third-party\java\dx\tests\063-dex-empty-switch\Blort.java
Falha em ArtifactResolver. O arquivo java não possui package declaration. File: D:\Desenvolvimento\Projetos Github\running\facebook buck\third-party\java\dx\tests\062-dex-synch-method\Blort.java
Falha em ArtifactResolver. O arquivo java não possui package declaration. File: D:\Desenvolvimento\Projetos Github\running\facebook buck\third-party\java\dx\tests\061-dex-try-catch\Blort.java
Falha em ArtifactResolver. O arquivo java não possui package declaration. File: D:\Desenvolvimento\Projetos Github\running\facebook buck\third-party\java\dx\tests\060-dex-call-static\Blort.java
Falha em ArtifactResolver. O arquivo java não possui package declaration. File: D:\Desenvolvimento\Projetos Github\running\facebook buck\third-party\java\dx\tests\060-dex-call-static\Zorch.java
Falha em ArtifactResolver. O arquivo java não possui package declaration. File: D:\Desenvolvimento\Projetos Github\running\facebook buck\third-party\java\dx\tests\059-dex-call-super\Blort.java
Falha em ArtifactResolver. O arquivo java não possui package declaration. File: D:\Desenvolvimento\Projetos Github\running\facebook buck\third-party\java\dx\tests\059-dex-call-super\Zorch.java
Falha em ArtifactResolver. O arquivo java não possui package declaration. File: D:\Desenvolvimento\Projetos Github\running\facebook buck\third-party\java\dx\tests\058-dex-call-direct\Blort.java
Falha em ArtifactResolver. O arquivo java não possui package declaration. File: D:\Desenvolvimento\Projetos Github\running\facebook buck\third-party\java\dx\tests\057-dex-call-virtual\Blort.java
Falha em ArtifactResolver. O arquivo java não possui package declaration. File: D:\Desenvolvimento\Projetos Github\running\facebook buck\third-party\java\dx\tests\057-dex-call-virtual\Zorch.java
Falha em ArtifactResolver. O arquivo java não possui package declaration. File: D:\Desenvolvimento\Projetos Github\running\facebook buck\third-party\java\dx\tests\056-dex-call-interface\Blort.java
Falha em ArtifactResolver. O arquivo java não possui package declaration. File: D:\Desenvolvimento\Projetos Github\running\facebook buck\third-party\java\dx\tests\056-dex-call-interface\Zorch.java
Falha em ArtifactResolver. O arquivo java não possui package declaration. File: D:\Desenvolvimento\Projetos Github\running\facebook buck\third-party\java\dx\tests\055-dex-explicit-throw\Blort.java
Falha em ArtifactResolver. O arquivo java não possui package declaration. File: D:\Desenvolvimento\Projetos Github\running\facebook buck\third-party\java\dx\tests\054-dex-high16\Blort.java
Falha em ArtifactResolver. O arquivo java não possui package declaration. File: D:\Desenvolvimento\Projetos Github\running\facebook buck\third-party\java\dx\tests\053-dex-instance-var-access\Blort.java
Falha em ArtifactResolver. O arquivo java não possui package declaration. File: D:\Desenvolvimento\Projetos Github\running\facebook buck\third-party\java\dx\tests\052-dex-static-var-access\Blort.java
Falha em ArtifactResolver. O arquivo java não possui package declaration. File: D:\Desenvolvimento\Projetos Github\running\facebook buck\third-party\java\dx\tests\051-dex-explicit-null\Blort.java
Falha em ArtifactResolver. O arquivo java não possui package declaration. File: D:\Desenvolvimento\Projetos Github\running\facebook buck\third-party\java\dx\tests\050-dex-checkcast\Blort.java
Falha em ArtifactResolver. O arquivo java não possui package declaration. File: D:\Desenvolvimento\Projetos Github\running\facebook buck\third-party\java\dx\tests\049-dex-instanceof\Blort.java
Falha em ArtifactResolver. O arquivo java não possui package declaration. File: D:\Desenvolvimento\Projetos Github\running\facebook buck\third-party\java\dx\tests\048-dex-new-array\Blort.java
Falha em ArtifactResolver. O arquivo java não possui package declaration. File: D:\Desenvolvimento\Projetos Github\running\facebook buck\third-party\java\dx\tests\047-dex-wide-args\Blort.java
Falha em ArtifactResolver. O arquivo java não possui package declaration. File: D:\Desenvolvimento\Projetos Github\running\facebook buck\third-party\java\dx\tests\046-dex-exceptions\Blort.java
Falha em ArtifactResolver. O arquivo java não possui package declaration. File: D:\Desenvolvimento\Projetos Github\running\facebook buck\third-party\java\dx\tests\045-dex-switch-ops\Blort.java
Falha em ArtifactResolver. O arquivo java não possui package declaration. File: D:\Desenvolvimento\Projetos Github\running\facebook buck\third-party\java\dx\tests\044-dex-math-ops\Blort.java
Falha em ArtifactResolver. O arquivo java não possui package declaration. File: D:\Desenvolvimento\Projetos Github\running\facebook buck\third-party\java\dx\tests\043-dex-two-classes\Blort.java
Falha em ArtifactResolver. O arquivo java não possui package declaration. File: D:\Desenvolvimento\Projetos Github\running\facebook buck\third-party\java\dx\tests\043-dex-two-classes\Zorch.java
Falha em ArtifactResolver. O arquivo java não possui package declaration. File: D:\Desenvolvimento\Projetos Github\running\facebook buck\third-party\java\dx\tests\042-dex-ignore-result\Blort.java
Falha em ArtifactResolver. O arquivo java não é válido. File: D:\Desenvolvimento\Projetos Github\running\facebook buck\test\com\facebook\buck\zip\testdata\zip-rule\example\A.java
Falha em ArtifactResolver. O arquivo java não é válido. File: D:\Desenvolvimento\Projetos Github\running\facebook buck\test\com\facebook\buck\testrunner\testdata\timeouts\ExceedsAnnotationTimeoutTest.java
Falha em ArtifactResolver. O arquivo java não é válido. File: D:\Desenvolvimento\Projetos Github\running\facebook buck\test\com\facebook\buck\testrunner\testdata\timeouts\SleepTest.java
Falha em ArtifactResolver. O arquivo java não é válido. File: D:\Desenvolvimento\Projetos Github\running\facebook buck\test\com\facebook\buck\testrunner\testdata\timeouts\TimeoutChangesBehaviorTest.java
Falha em ArtifactResolver. O arquivo java não possui package declaration. File: D:\Desenvolvimento\Projetos Github\running\facebook buck\test\com\facebook\buck\testrunner\testdata\test_with_logging\LoggingTest.java
Falha em ArtifactResolver. O arquivo java não é válido. File: D:\Desenvolvimento\Projetos Github\running\facebook buck\test\com\facebook\buck\testrunner\testdata\test_selectors_testless_classes\test\ClassWithoutTestsA.java
Falha em ArtifactResolver. O arquivo java não é válido. File: D:\Desenvolvimento\Projetos Github\running\facebook buck\test\com\facebook\buck\testrunner\testdata\test_selectors_testless_classes\test\ClassWithoutTestsB.java
Falha em ArtifactResolver. O arquivo java não é válido. File: D:\Desenvolvimento\Projetos Github\running\facebook buck\test\com\facebook\buck\testrunner\testdata\test_selectors_testless_classes\test\ClassWithTestsA.java
Falha em ArtifactResolver. O arquivo java não é válido. File: D:\Desenvolvimento\Projetos Github\running\facebook buck\test\com\facebook\buck\testrunner\testdata\test_selectors_testless_classes\test\ClassWithTestsB.java
Falha em ArtifactResolver. O arquivo java não é válido. File: D:\Desenvolvimento\Projetos Github\running\facebook buck\test\com\facebook\buck\testrunner\testdata\test_selectors_junit_versions\test\TestA.java
Falha em ArtifactResolver. O arquivo java não é válido. File: D:\Desenvolvimento\Projetos Github\running\facebook buck\test\com\facebook\buck\testrunner\testdata\test_selectors_junit_versions\test\TestB.java
Falha em ArtifactResolver. O arquivo java não é válido. File: D:\Desenvolvimento\Projetos Github\running\facebook buck\test\com\facebook\buck\testrunner\testdata\test_selectors_junit_versions\test\TestC.java
Falha em ArtifactResolver. O arquivo java não é válido. File: D:\Desenvolvimento\Projetos Github\running\facebook buck\test\com\facebook\buck\testrunner\testdata\test_selectors_junit_versions\test\TestD.java
Falha em ArtifactResolver. O arquivo java não é válido. File: D:\Desenvolvimento\Projetos Github\running\facebook buck\test\com\facebook\buck\testrunner\testdata\test_selectors_annotated_with_runwith\test\TestA.java
Falha em ArtifactResolver. O arquivo java não é válido. File: D:\Desenvolvimento\Projetos Github\running\facebook buck\test\com\facebook\buck\testrunner\testdata\test_selectors_annotated_with_runwith\test\TestB.java
Falha em ArtifactResolver. O arquivo java não é válido. File: D:\Desenvolvimento\Projetos Github\running\facebook buck\test\com\facebook\buck\testrunner\testdata\test_selectors_annotated_with_runwith\src\FeelingDifferentRunner.java
Falha em ArtifactResolver. O arquivo java não é válido. File: D:\Desenvolvimento\Projetos Github\running\facebook buck\test\com\facebook\buck\testrunner\testdata\test_call_flow\CallFlowTest.java
Falha em ArtifactResolver. O arquivo java não é válido. File: D:\Desenvolvimento\Projetos Github\running\facebook buck\test\com\facebook\buck\testrunner\testdata\simple_testng\test\SimpleTest.java
Falha em ArtifactResolver. O arquivo java não é válido. File: D:\Desenvolvimento\Projetos Github\running\facebook buck\test\com\facebook\buck\testrunner\testdata\run_with_timeout\NotBuckBlockJUnit4ClassRunner.java
Falha em ArtifactResolver. O arquivo java não é válido. File: D:\Desenvolvimento\Projetos Github\running\facebook buck\test\com\facebook\buck\testrunner\testdata\run_with_timeout\Test1.java
Falha em ArtifactResolver. O arquivo java não é válido. File: D:\Desenvolvimento\Projetos Github\running\facebook buck\test\com\facebook\buck\testrunner\testdata\run_with_timeout\Test2.java
Falha em ArtifactResolver. O arquivo java não é válido. File: D:\Desenvolvimento\Projetos Github\running\facebook buck\test\com\facebook\buck\testrunner\testdata\run_with_timeout\TestThatExceedsDefaultTimeoutButIsLessThanTimeoutAnnotation.java
Falha em ArtifactResolver. O arquivo java não é válido. File: D:\Desenvolvimento\Projetos Github\running\facebook buck\test\com\facebook\buck\testrunner\testdata\run_with_timeout\TestThatExceedsDefaultTimeoutButIsLessThanTimeoutRule.java
Falha em ArtifactResolver. O arquivo java não é válido. File: D:\Desenvolvimento\Projetos Github\running\facebook buck\test\com\facebook\buck\testrunner\testdata\run_with_timeout\TestThatRunsForever.java
Falha em ArtifactResolver. O arquivo java não é válido. File: D:\Desenvolvimento\Projetos Github\running\facebook buck\test\com\facebook\buck\testrunner\testdata\run_with_timeout\TestThatTakesTooLong.java
Falha em ArtifactResolver. O arquivo java não é válido. File: D:\Desenvolvimento\Projetos Github\running\facebook buck\test\com\facebook\buck\testrunner\testdata\run_with_timeout\UtilityThatHoldsAReferenceToTheMainThread.java
Falha em ArtifactResolver. O arquivo java não é válido. File: D:\Desenvolvimento\Projetos Github\running\facebook buck\test\com\facebook\buck\testrunner\testdata\runwith\FailingSubtest.java
Falha em ArtifactResolver. O arquivo java não é válido. File: D:\Desenvolvimento\Projetos Github\running\facebook buck\test\com\facebook\buck\testrunner\testdata\runwith\FailingSuiteTest.java
Falha em ArtifactResolver. O arquivo java não é válido. File: D:\Desenvolvimento\Projetos Github\running\facebook buck\test\com\facebook\buck\testrunner\testdata\runwith\ParametrizedTest.java
Falha em ArtifactResolver. O arquivo java não é válido. File: D:\Desenvolvimento\Projetos Github\running\facebook buck\test\com\facebook\buck\testrunner\testdata\runwith\SimpleSuiteTest.java
Falha em ArtifactResolver. O arquivo java não é válido. File: D:\Desenvolvimento\Projetos Github\running\facebook buck\test\com\facebook\buck\testrunner\testdata\runwith\Subtest1.java
Falha em ArtifactResolver. O arquivo java não é válido. File: D:\Desenvolvimento\Projetos Github\running\facebook buck\test\com\facebook\buck\testrunner\testdata\runwith\Subtest2.java
Falha em ArtifactResolver. O arquivo java não é válido. File: D:\Desenvolvimento\Projetos Github\running\facebook buck\test\com\facebook\buck\testrunner\testdata\overridden_timeouts\SomeTest.java
Falha em ArtifactResolver. O arquivo java não é válido. File: D:\Desenvolvimento\Projetos Github\running\facebook buck\test\com\facebook\buck\testrunner\testdata\class_statements\EverythingOKTest.java
Falha em ArtifactResolver. O arquivo java não é válido. File: D:\Desenvolvimento\Projetos Github\running\facebook buck\test\com\facebook\buck\testrunner\testdata\class_statements\HasBeforeClassFailure.java
Falha em ArtifactResolver. O arquivo java não é válido. File: D:\Desenvolvimento\Projetos Github\running\facebook buck\test\com\facebook\buck\testrunner\testdata\build_then_test\AbstractClassWithTests.java
Falha em ArtifactResolver. O arquivo java não é válido. File: D:\Desenvolvimento\Projetos Github\running\facebook buck\test\com\facebook\buck\testrunner\testdata\build_then_test\ClassWithMultipleConstructors.java
Falha em ArtifactResolver. O arquivo java não é válido. File: D:\Desenvolvimento\Projetos Github\running\facebook buck\test\com\facebook\buck\testrunner\testdata\build_then_test\ClassWithoutTests.java
Falha em ArtifactResolver. O arquivo java não é válido. File: D:\Desenvolvimento\Projetos Github\running\facebook buck\test\com\facebook\buck\testrunner\testdata\build_then_test\MyTest.java
Falha em ArtifactResolver. O arquivo java não é válido. File: D:\Desenvolvimento\Projetos Github\running\facebook buck\test\com\facebook\buck\testrunner\testdata\assumption_violations\test\AssumptionTestAJunit.java
Falha em ArtifactResolver. O arquivo java não é válido. File: D:\Desenvolvimento\Projetos Github\running\facebook buck\test\com\facebook\buck\testrunner\testdata\assumption_violations\test\AssumptionTestBeforeClassJunit412.java
Falha em ArtifactResolver. O arquivo java não é válido. File: D:\Desenvolvimento\Projetos Github\running\facebook buck\test\com\facebook\buck\testrunner\testdata\assumption_violations\test\AssumptionTestBJunit.java
Falha em ArtifactResolver. O arquivo java não é válido. File: D:\Desenvolvimento\Projetos Github\running\facebook buck\test\com\facebook\buck\testrunner\testdata\assumption_violations\test\FailingTestJunit.java
Falha em ArtifactResolver. O arquivo java não é válido. File: D:\Desenvolvimento\Projetos Github\running\facebook buck\test\com\facebook\buck\testrunner\testdata\assumption_violations\test\FailingTestTestNG.java
Falha em ArtifactResolver. O arquivo java não é válido. File: D:\Desenvolvimento\Projetos Github\running\facebook buck\test\com\facebook\buck\testrunner\testdata\assumption_violations\test\PassingTestJunit.java
Falha em ArtifactResolver. O arquivo java não é válido. File: D:\Desenvolvimento\Projetos Github\running\facebook buck\test\com\facebook\buck\testrunner\testdata\assumption_violations\test\PassingTestTestNG.java
Falha em ArtifactResolver. O arquivo java não é válido. File: D:\Desenvolvimento\Projetos Github\running\facebook buck\test\com\facebook\buck\testrunner\testdata\assumption_violations\test\SomeAssumptionViolationsTestJunit.java
Falha em ArtifactResolver. O arquivo java não é válido. File: D:\Desenvolvimento\Projetos Github\running\facebook buck\test\com\facebook\buck\test\labels\testdata\labels\test\EarthIsFlatTest.java
Falha em ArtifactResolver. O arquivo java não é válido. File: D:\Desenvolvimento\Projetos Github\running\facebook buck\test\com\facebook\buck\test\labels\testdata\labels\test\PhotonsTest.java
Falha em ArtifactResolver. O arquivo java não é válido. File: D:\Desenvolvimento\Projetos Github\running\facebook buck\test\com\facebook\buck\shell\testdata\genrule_classpath_filtering\A.java
Falha em ArtifactResolver. O arquivo java não é válido. File: D:\Desenvolvimento\Projetos Github\running\facebook buck\test\com\facebook\buck\shell\testdata\genrule_classpath_filtering\B.java
Falha em ArtifactResolver. O arquivo java não é válido. File: D:\Desenvolvimento\Projetos Github\running\facebook buck\test\com\facebook\buck\shell\testdata\genrule_classpath_filtering\D.java
Falha em ArtifactResolver. O arquivo java não é válido. File: D:\Desenvolvimento\Projetos Github\running\facebook buck\test\com\facebook\buck\shell\testdata\genrule_classpath_filtering\annotations\Foo.java
Falha em ArtifactResolver. O arquivo java não é válido. File: D:\Desenvolvimento\Projetos Github\running\facebook buck\test\com\facebook\buck\shell\testdata\genrule_classpath_filtering\annotations\Proc.java
Falha em ArtifactResolver. O arquivo java não é válido. File: D:\Desenvolvimento\Projetos Github\running\facebook buck\test\com\facebook\buck\rules\testdata\action_graph_cache\Thing1.java
Falha em ArtifactResolver. O arquivo java não é válido. File: D:\Desenvolvimento\Projetos Github\running\facebook buck\test\com\facebook\buck\rules\testdata\action_graph_cache\Thing2.java
Falha em ArtifactResolver. O arquivo java não possui package declaration. File: D:\Desenvolvimento\Projetos Github\running\facebook buck\test\com\facebook\buck\parser\testdata\unflavored_build\A.java
Falha em ArtifactResolver. O arquivo java não possui package declaration. File: D:\Desenvolvimento\Projetos Github\running\facebook buck\test\com\facebook\buck\parser\testdata\pipeline_test\b\B.java
Falha em ArtifactResolver. O arquivo java não possui package declaration. File: D:\Desenvolvimento\Projetos Github\running\facebook buck\test\com\facebook\buck\parser\testdata\pipeline_test\a\B.java
Falha em ArtifactResolver. O arquivo java não possui package declaration. File: D:\Desenvolvimento\Projetos Github\running\facebook buck\test\com\facebook\buck\parser\testdata\ignored_dirs_err\libraries\path-to-ignore\Some.java
Falha em ArtifactResolver. O arquivo java não possui package declaration. File: D:\Desenvolvimento\Projetos Github\running\facebook buck\test\com\facebook\buck\parser\testdata\glob_ignores\A.java
Falha em ArtifactResolver. O arquivo java não possui package declaration. File: D:\Desenvolvimento\Projetos Github\running\facebook buck\test\com\facebook\buck\parser\testdata\glob_ignores\foo\B.java
Falha em ArtifactResolver. O arquivo java não possui package declaration. File: D:\Desenvolvimento\Projetos Github\running\facebook buck\test\com\facebook\buck\parser\testdata\glob_ignores\bar\C.java
Falha em ArtifactResolver. O arquivo java não possui package declaration. File: D:\Desenvolvimento\Projetos Github\running\facebook buck\test\com\facebook\buck\parser\testdata\flavored_build\B.java
Falha em ArtifactResolver. Arquivo falhou ao parsear. File: D:\Desenvolvimento\Projetos Github\running\facebook buck\test\com\facebook\buck\jvm\kotlin\testdata\kotlin_library_description\com\example\mixed\JavaClass.java
Falha em ArtifactResolver. O arquivo java não é válido. File: D:\Desenvolvimento\Projetos Github\running\facebook buck\test\com\facebook\buck\jvm\java\testdata\warn_on_transitive\Bar.java
Falha em ArtifactResolver. O arquivo java não é válido. File: D:\Desenvolvimento\Projetos Github\running\facebook buck\test\com\facebook\buck\jvm\java\testdata\warn_on_transitive\Blargh.java
Falha em ArtifactResolver. O arquivo java não é válido. File: D:\Desenvolvimento\Projetos Github\running\facebook buck\test\com\facebook\buck\jvm\java\testdata\warn_on_transitive\Foo.java
Falha em ArtifactResolver. O arquivo java não é válido. File: D:\Desenvolvimento\Projetos Github\running\facebook buck\test\com\facebook\buck\jvm\java\testdata\warn_on_transitive\Meh.java
Falha em ArtifactResolver. O arquivo java não é válido. File: D:\Desenvolvimento\Projetos Github\running\facebook buck\test\com\facebook\buck\jvm\java\testdata\warn_on_transitive\Raz.java
Falha em ArtifactResolver. O arquivo java não é válido. File: D:\Desenvolvimento\Projetos Github\running\facebook buck\test\com\facebook\buck\jvm\java\testdata\test_with_jni\JLib.java
Falha em ArtifactResolver. O arquivo java não é válido. File: D:\Desenvolvimento\Projetos Github\running\facebook buck\test\com\facebook\buck\jvm\java\testdata\test_with_jni\JTest.java
Falha em ArtifactResolver. O arquivo java não é válido. File: D:\Desenvolvimento\Projetos Github\running\facebook buck\test\com\facebook\buck\jvm\java\testdata\test_with_jni\JTestWithoutPernicious.java
Falha em ArtifactResolver. O arquivo java não é válido. File: D:\Desenvolvimento\Projetos Github\running\facebook buck\test\com\facebook\buck\jvm\java\testdata\test_with_jni\JTestWithPernicious.java
Falha em ArtifactResolver. O arquivo java não é válido. File: D:\Desenvolvimento\Projetos Github\running\facebook buck\test\com\facebook\buck\jvm\java\testdata\static_initialization_test\StaticErrorTest.java
Falha em ArtifactResolver. O arquivo java não é válido. File: D:\Desenvolvimento\Projetos Github\running\facebook buck\test\com\facebook\buck\jvm\java\testdata\src_zip\Yin.java
Falha em ArtifactResolver. O arquivo java não é válido. File: D:\Desenvolvimento\Projetos Github\running\facebook buck\test\com\facebook\buck\jvm\java\testdata\src_zip\Zip.java
Falha em ArtifactResolver. O arquivo java não é válido. File: D:\Desenvolvimento\Projetos Github\running\facebook buck\test\com\facebook\buck\jvm\java\testdata\spool_class_files_to_disk_remove_classes\A.java
Falha em ArtifactResolver. O arquivo java não é válido. File: D:\Desenvolvimento\Projetos Github\running\facebook buck\test\com\facebook\buck\jvm\java\testdata\spool_class_files_to_disk_remove_classes\B.java
Falha em ArtifactResolver. O arquivo java não possui package declaration. File: D:\Desenvolvimento\Projetos Github\running\facebook buck\test\com\facebook\buck\jvm\java\testdata\spool_class_files_to_disk_remove_classes\DeletableB.java
Falha em ArtifactResolver. O arquivo java não é válido. File: D:\Desenvolvimento\Projetos Github\running\facebook buck\test\com\facebook\buck\jvm\java\testdata\spool_class_files_to_disk_remove_classes\RemovableC.java
Falha em ArtifactResolver. O arquivo java não possui package declaration. File: D:\Desenvolvimento\Projetos Github\running\facebook buck\test\com\facebook\buck\jvm\java\testdata\spool_class_files_to_disk\A.java
Falha em ArtifactResolver. O arquivo java não possui package declaration. File: D:\Desenvolvimento\Projetos Github\running\facebook buck\test\com\facebook\buck\jvm\java\testdata\spool_class_files_to_disk\B.java
Falha em ArtifactResolver. O arquivo java não é válido. File: D:\Desenvolvimento\Projetos Github\running\facebook buck\test\com\facebook\buck\jvm\java\testdata\spool_class_files_directly_to_jar_with_remove_classes\A.java
Falha em ArtifactResolver. O arquivo java não é válido. File: D:\Desenvolvimento\Projetos Github\running\facebook buck\test\com\facebook\buck\jvm\java\testdata\spool_class_files_directly_to_jar_with_remove_classes\B.java
Falha em ArtifactResolver. O arquivo java não é válido. File: D:\Desenvolvimento\Projetos Github\running\facebook buck\test\com\facebook\buck\jvm\java\testdata\spool_class_files_directly_to_jar_with_remove_classes\C.java
Falha em ArtifactResolver. O arquivo java não é válido. File: D:\Desenvolvimento\Projetos Github\running\facebook buck\test\com\facebook\buck\jvm\java\testdata\spool_class_files_directly_to_jar_with_remove_classes\RemovableZ.java
Falha em ArtifactResolver. O arquivo java não possui package declaration. File: D:\Desenvolvimento\Projetos Github\running\facebook buck\test\com\facebook\buck\jvm\java\testdata\spool_class_files_directly_to_jar_with_annotation_processor\A.java
Falha em ArtifactResolver. O arquivo java não possui package declaration. File: D:\Desenvolvimento\Projetos Github\running\facebook buck\test\com\facebook\buck\jvm\java\testdata\spool_class_files_directly_to_jar_with_annotation_processor\AbstractC.java
Falha em ArtifactResolver. O arquivo java não possui package declaration. File: D:\Desenvolvimento\Projetos Github\running\facebook buck\test\com\facebook\buck\jvm\java\testdata\spool_class_files_directly_to_jar_with_annotation_processor\AnnotationProcessor.java
Falha em ArtifactResolver. O arquivo java não possui package declaration. File: D:\Desenvolvimento\Projetos Github\running\facebook buck\test\com\facebook\buck\jvm\java\testdata\spool_class_files_directly_to_jar_with_annotation_processor\B.java
Falha em ArtifactResolver. O arquivo java não possui package declaration. File: D:\Desenvolvimento\Projetos Github\running\facebook buck\test\com\facebook\buck\jvm\java\testdata\spool_class_files_directly_to_jar\A.java
Falha em ArtifactResolver. O arquivo java não possui package declaration. File: D:\Desenvolvimento\Projetos Github\running\facebook buck\test\com\facebook\buck\jvm\java\testdata\spool_class_files_directly_to_jar\B.java
Falha em ArtifactResolver. O arquivo java não possui package declaration. File: D:\Desenvolvimento\Projetos Github\running\facebook buck\test\com\facebook\buck\jvm\java\testdata\sourcepath\A.java
Falha em ArtifactResolver. O arquivo java não possui package declaration. File: D:\Desenvolvimento\Projetos Github\running\facebook buck\test\com\facebook\buck\jvm\java\testdata\sourcepath\B.java
Falha em ArtifactResolver. O arquivo java não possui package declaration. File: D:\Desenvolvimento\Projetos Github\running\facebook buck\test\com\facebook\buck\jvm\java\testdata\slow_tests_per_rule_timeout\SlowTest.java
Falha em ArtifactResolver. O arquivo java não possui package declaration. File: D:\Desenvolvimento\Projetos Github\running\facebook buck\test\com\facebook\buck\jvm\java\testdata\slow_tests_per_rule_timeout\SpinningTest.java
Falha em ArtifactResolver. O arquivo java não possui package declaration. File: D:\Desenvolvimento\Projetos Github\running\facebook buck\test\com\facebook\buck\jvm\java\testdata\slow_tests\SlowTest.java
Falha em ArtifactResolver. O arquivo java não possui package declaration. File: D:\Desenvolvimento\Projetos Github\running\facebook buck\test\com\facebook\buck\jvm\java\testdata\slow_tests\SpinningTest.java
Falha em ArtifactResolver. O arquivo java não é válido. File: D:\Desenvolvimento\Projetos Github\running\facebook buck\test\com\facebook\buck\jvm\java\testdata\rulekey_changed_while_abi_stable\SeriousBusiness.java
Falha em ArtifactResolver. O arquivo java não é válido. File: D:\Desenvolvimento\Projetos Github\running\facebook buck\test\com\facebook\buck\jvm\java\testdata\rulekey_changed_while_abi_stable\Util.java
Falha em ArtifactResolver. O arquivo java não é válido. File: D:\Desenvolvimento\Projetos Github\running\facebook buck\test\com\facebook\buck\jvm\java\testdata\resource_in_dep_file\AnnotationProcessor.java
Falha em ArtifactResolver. O arquivo java não é válido. File: D:\Desenvolvimento\Projetos Github\running\facebook buck\test\com\facebook\buck\jvm\java\testdata\resource_in_dep_file\AP.java
Falha em ArtifactResolver. O arquivo java não é válido. File: D:\Desenvolvimento\Projetos Github\running\facebook buck\test\com\facebook\buck\jvm\java\testdata\resource_in_dep_file\Main.java
Falha em ArtifactResolver. O arquivo java não é válido. File: D:\Desenvolvimento\Projetos Github\running\facebook buck\test\com\facebook\buck\jvm\java\testdata\resource_in_dep_file\Util.java
Falha em ArtifactResolver. O arquivo java não é válido. File: D:\Desenvolvimento\Projetos Github\running\facebook buck\test\com\facebook\buck\jvm\java\testdata\resource_change_causes_repack\LibClass.java
Falha em ArtifactResolver. O arquivo java não é válido. File: D:\Desenvolvimento\Projetos Github\running\facebook buck\test\com\facebook\buck\jvm\java\testdata\resource_change_causes_repack\ResClass.java
Falha em ArtifactResolver. O arquivo java não é válido. File: D:\Desenvolvimento\Projetos Github\running\facebook buck\test\com\facebook\buck\jvm\java\testdata\provided_deps\Example.java
Falha em ArtifactResolver. O arquivo java não possui package declaration. File: D:\Desenvolvimento\Projetos Github\running\facebook buck\test\com\facebook\buck\jvm\java\testdata\prebuilt\PrebuiltJunitMain.java
Falha em ArtifactResolver. O arquivo java não é válido. File: D:\Desenvolvimento\Projetos Github\running\facebook buck\test\com\facebook\buck\jvm\java\testdata\parse_errors_with_aps\AnnotationProcessor.java
Falha em ArtifactResolver. Arquivo falhou ao parsear. File: D:\Desenvolvimento\Projetos Github\running\facebook buck\test\com\facebook\buck\jvm\java\testdata\parse_errors_with_aps\Test.java
Falha em ArtifactResolver. Arquivo falhou ao parsear. File: D:\Desenvolvimento\Projetos Github\running\facebook buck\test\com\facebook\buck\jvm\java\testdata\parse_errors\Test.java
Falha em ArtifactResolver. O arquivo java não é válido. File: D:\Desenvolvimento\Projetos Github\running\facebook buck\test\com\facebook\buck\jvm\java\testdata\missing_test_deps\A.java
Falha em ArtifactResolver. O arquivo java não é válido. File: D:\Desenvolvimento\Projetos Github\running\facebook buck\test\com\facebook\buck\jvm\java\testdata\missing_test_deps\UsesNullable.java
Falha em ArtifactResolver. O arquivo java não é válido. File: D:\Desenvolvimento\Projetos Github\running\facebook buck\test\com\facebook\buck\jvm\java\testdata\manifest_key\Main.java
Falha em ArtifactResolver. O arquivo java não possui package declaration. File: D:\Desenvolvimento\Projetos Github\running\facebook buck\test\com\facebook\buck\jvm\java\testdata\java_test_missing_result_file\SimpleTest.java
Falha em ArtifactResolver. O arquivo java não possui package declaration. File: D:\Desenvolvimento\Projetos Github\running\facebook buck\test\com\facebook\buck\jvm\java\testdata\java_test_broken_test\SimpleTest.java
Falha em ArtifactResolver. O arquivo java não é válido. File: D:\Desenvolvimento\Projetos Github\running\facebook buck\test\com\facebook\buck\jvm\java\testdata\java_binary_with_blacklist\A.java
Falha em ArtifactResolver. O arquivo java não é válido. File: D:\Desenvolvimento\Projetos Github\running\facebook buck\test\com\facebook\buck\jvm\java\testdata\java_binary_with_blacklist\Alligator.java
Falha em ArtifactResolver. O arquivo java não é válido. File: D:\Desenvolvimento\Projetos Github\running\facebook buck\test\com\facebook\buck\jvm\java\testdata\java_binary_with_blacklist\B.java
Falha em ArtifactResolver. O arquivo java não é válido. File: D:\Desenvolvimento\Projetos Github\running\facebook buck\test\com\facebook\buck\jvm\java\testdata\javadocs\A.java
Falha em ArtifactResolver. O arquivo java não possui package declaration. File: D:\Desenvolvimento\Projetos Github\running\facebook buck\test\com\facebook\buck\jvm\java\testdata\jar_backed_javac\Compiler.java
Falha em ArtifactResolver. O arquivo java não possui package declaration. File: D:\Desenvolvimento\Projetos Github\running\facebook buck\test\com\facebook\buck\jvm\java\testdata\jar_backed_javac\Empty.java
Falha em ArtifactResolver. O arquivo java não possui package declaration. File: D:\Desenvolvimento\Projetos Github\running\facebook buck\test\com\facebook\buck\jvm\java\testdata\jar_backed_javac\Test.java
Falha em ArtifactResolver. O arquivo java não é válido. File: D:\Desenvolvimento\Projetos Github\running\facebook buck\test\com\facebook\buck\jvm\java\testdata\guava_no_deps\Bar.java
Falha em ArtifactResolver. O arquivo java não é válido. File: D:\Desenvolvimento\Projetos Github\running\facebook buck\test\com\facebook\buck\jvm\java\testdata\guava_no_deps\Foo.java
Falha em ArtifactResolver. O arquivo java não é válido. File: D:\Desenvolvimento\Projetos Github\running\facebook buck\test\com\facebook\buck\jvm\java\testdata\genrule_test\LameTest.java
Falha em ArtifactResolver. O arquivo java não é válido. File: D:\Desenvolvimento\Projetos Github\running\facebook buck\test\com\facebook\buck\jvm\java\testdata\genrule_test\LibraryClass.java
Falha em ArtifactResolver. O arquivo java não possui package declaration. File: D:\Desenvolvimento\Projetos Github\running\facebook buck\test\com\facebook\buck\jvm\java\testdata\fat_jar\Lib.java
Falha em ArtifactResolver. O arquivo java não possui package declaration. File: D:\Desenvolvimento\Projetos Github\running\facebook buck\test\com\facebook\buck\jvm\java\testdata\fat_jar\LibAlternateJava.java
Falha em ArtifactResolver. O arquivo java não possui package declaration. File: D:\Desenvolvimento\Projetos Github\running\facebook buck\test\com\facebook\buck\jvm\java\testdata\fat_jar\LibExitCode.java
Falha em ArtifactResolver. O arquivo java não possui package declaration. File: D:\Desenvolvimento\Projetos Github\running\facebook buck\test\com\facebook\buck\jvm\java\testdata\fat_jar\LibJvmArgs.java
Falha em ArtifactResolver. O arquivo java não possui package declaration. File: D:\Desenvolvimento\Projetos Github\running\facebook buck\test\com\facebook\buck\jvm\java\testdata\fat_jar\LibOutput.java
Falha em ArtifactResolver. O arquivo java não é válido. File: D:\Desenvolvimento\Projetos Github\running\facebook buck\test\com\facebook\buck\jvm\java\testdata\external_javac_src_zip\Yin.java
Falha em ArtifactResolver. O arquivo java não é válido. File: D:\Desenvolvimento\Projetos Github\running\facebook buck\test\com\facebook\buck\jvm\java\testdata\external_javac_src_zip\Zip.java
Falha em ArtifactResolver. O arquivo java não possui package declaration. File: D:\Desenvolvimento\Projetos Github\running\facebook buck\test\com\facebook\buck\jvm\java\testdata\external_javac\java\com\example\Example.java
Falha em ArtifactResolver. O arquivo java não possui package declaration. File: D:\Desenvolvimento\Projetos Github\running\facebook buck\test\com\facebook\buck\jvm\java\testdata\env_macros\EnvTest.java
Falha em ArtifactResolver. O arquivo java não é válido. File: D:\Desenvolvimento\Projetos Github\running\facebook buck\test\com\facebook\buck\jvm\java\testdata\dep_file_rule_key\MoreUtil.java
Falha em ArtifactResolver. O arquivo java não é válido. File: D:\Desenvolvimento\Projetos Github\running\facebook buck\test\com\facebook\buck\jvm\java\testdata\dep_file_rule_key\SeriousBusiness.java
Falha em ArtifactResolver. O arquivo java não é válido. File: D:\Desenvolvimento\Projetos Github\running\facebook buck\test\com\facebook\buck\jvm\java\testdata\dep_file_rule_key\Util.java
Falha em ArtifactResolver. O arquivo java não possui package declaration. File: D:\Desenvolvimento\Projetos Github\running\facebook buck\test\com\facebook\buck\jvm\java\testdata\depend_on_another_test\A.java
Falha em ArtifactResolver. O arquivo java não possui package declaration. File: D:\Desenvolvimento\Projetos Github\running\facebook buck\test\com\facebook\buck\jvm\java\testdata\depend_on_another_test\B.java
Falha em ArtifactResolver. O arquivo java não é válido. File: D:\Desenvolvimento\Projetos Github\running\facebook buck\test\com\facebook\buck\jvm\java\testdata\depends_only_on_abi_test\A.java
Falha em ArtifactResolver. O arquivo java não é válido. File: D:\Desenvolvimento\Projetos Github\running\facebook buck\test\com\facebook\buck\jvm\java\testdata\depends_only_on_abi_test\B.java
Falha em ArtifactResolver. O arquivo java não é válido. File: D:\Desenvolvimento\Projetos Github\running\facebook buck\test\com\facebook\buck\jvm\java\testdata\depends_only_on_abi_test\C.java
Falha em ArtifactResolver. O arquivo java não é válido. File: D:\Desenvolvimento\Projetos Github\running\facebook buck\test\com\facebook\buck\jvm\java\testdata\depends_only_on_abi_test\D.java
Falha em ArtifactResolver. O arquivo java não é válido. File: D:\Desenvolvimento\Projetos Github\running\facebook buck\test\com\facebook\buck\jvm\java\testdata\deadlock\AllTests.java
Falha em ArtifactResolver. O arquivo java não é válido. File: D:\Desenvolvimento\Projetos Github\running\facebook buck\test\com\facebook\buck\jvm\java\testdata\deadlock\Junit4BlockTest.java
Falha em ArtifactResolver. O arquivo java não possui package declaration. File: D:\Desenvolvimento\Projetos Github\running\facebook buck\test\com\facebook\buck\jvm\java\testdata\corruption\SimpleClass.java
Falha em ArtifactResolver. O arquivo java não é válido. File: D:\Desenvolvimento\Projetos Github\running\facebook buck\test\com\facebook\buck\jvm\java\testdata\compare_abis\Consumer.java
Falha em ArtifactResolver. O arquivo java não é válido. File: D:\Desenvolvimento\Projetos Github\running\facebook buck\test\com\facebook\buck\jvm\java\testdata\compare_abis\Producer.java
Falha em ArtifactResolver. O arquivo java não é válido. File: D:\Desenvolvimento\Projetos Github\running\facebook buck\test\com\facebook\buck\jvm\java\testdata\class_usage_file_xcell\SeriousBusiness.java
Falha em ArtifactResolver. O arquivo java não é válido. File: D:\Desenvolvimento\Projetos Github\running\facebook buck\test\com\facebook\buck\jvm\java\testdata\class_usage_file_xcell\away_cell\util\MoreUtil.java
Falha em ArtifactResolver. O arquivo java não é válido. File: D:\Desenvolvimento\Projetos Github\running\facebook buck\test\com\facebook\buck\jvm\java\testdata\class_usage_file_xcell\away_cell\util\Util.java
Falha em ArtifactResolver. O arquivo java não é válido. File: D:\Desenvolvimento\Projetos Github\running\facebook buck\test\com\facebook\buck\jvm\java\testdata\class_usage_file\MoreUtil.java
Falha em ArtifactResolver. O arquivo java não é válido. File: D:\Desenvolvimento\Projetos Github\running\facebook buck\test\com\facebook\buck\jvm\java\testdata\class_usage_file\SeriousBusiness.java
Falha em ArtifactResolver. O arquivo java não é válido. File: D:\Desenvolvimento\Projetos Github\running\facebook buck\test\com\facebook\buck\jvm\java\testdata\class_usage_file\Util.java
Falha em ArtifactResolver. O arquivo java não é válido. File: D:\Desenvolvimento\Projetos Github\running\facebook buck\test\com\facebook\buck\jvm\java\testdata\classpath_corruption_regression\Bar.java
Falha em ArtifactResolver. O arquivo java não é válido. File: D:\Desenvolvimento\Projetos Github\running\facebook buck\test\com\facebook\buck\jvm\java\testdata\classpath_corruption_regression\Foo.java
Falha em ArtifactResolver. O arquivo java não é válido. File: D:\Desenvolvimento\Projetos Github\running\facebook buck\test\com\facebook\buck\jvm\java\testdata\calculate_abi_from_source\AnnotationProcessor.java
Falha em ArtifactResolver. O arquivo java não é válido. File: D:\Desenvolvimento\Projetos Github\running\facebook buck\test\com\facebook\buck\jvm\java\testdata\calculate_abi_from_source\Lib.java
Falha em ArtifactResolver. O arquivo java não é válido. File: D:\Desenvolvimento\Projetos Github\running\facebook buck\test\com\facebook\buck\jvm\java\testdata\calculate_abi_from_source\LibErrors.java
Falha em ArtifactResolver. O arquivo java não é válido. File: D:\Desenvolvimento\Projetos Github\running\facebook buck\test\com\facebook\buck\jvm\java\testdata\calculate_abi_from_source\Main.java
Falha em ArtifactResolver. O arquivo java não é válido. File: D:\Desenvolvimento\Projetos Github\running\facebook buck\test\com\facebook\buck\jvm\java\testdata\build_rule_source_path_as_src_test\LameGenfile.java
Falha em ArtifactResolver. O arquivo java não é válido. File: D:\Desenvolvimento\Projetos Github\running\facebook buck\test\com\facebook\buck\jvm\java\testdata\build_rule_source_path_as_src_test\LameTest.java
Falha em ArtifactResolver. O arquivo java não é válido. File: D:\Desenvolvimento\Projetos Github\running\facebook buck\test\com\facebook\buck\jvm\java\testdata\annotation_processors\AnnotationProcessor.java
Falha em ArtifactResolver. O arquivo java não é válido. File: D:\Desenvolvimento\Projetos Github\running\facebook buck\test\com\facebook\buck\jvm\java\testdata\annotation_processors\Main.java
Falha em ArtifactResolver. O arquivo java não é válido. File: D:\Desenvolvimento\Projetos Github\running\facebook buck\test\com\facebook\buck\jvm\java\testdata\annotation_processors\Util.java
Falha em ArtifactResolver. O arquivo java não é válido. File: D:\Desenvolvimento\Projetos Github\running\facebook buck\test\com\facebook\buck\jvm\java\autodeps\testdata\java_library_symbols_finder\Example1.java
Falha em ArtifactResolver. O arquivo java não é válido. File: D:\Desenvolvimento\Projetos Github\running\facebook buck\test\com\facebook\buck\jvm\java\autodeps\testdata\java_library_symbols_finder\Example2.java
Falha em ArtifactResolver. O arquivo java não é válido. File: D:\Desenvolvimento\Projetos Github\running\facebook buck\test\com\facebook\buck\jvm\java\abi\testdata\descriptor_and_signature_factories\Foo.java
Falha em ArtifactResolver. O arquivo java não é válido. File: D:\Desenvolvimento\Projetos Github\running\facebook buck\test\com\facebook\buck\js\testdata\js_rules\android\java\com\sample\lib\Sample.java
Falha em ArtifactResolver. O arquivo java não é válido. File: D:\Desenvolvimento\Projetos Github\running\facebook buck\test\com\facebook\buck\js\testdata\android_rn\java\com\sample\lib\Sample.java
Falha em ArtifactResolver. O arquivo java não possui package declaration. File: D:\Desenvolvimento\Projetos Github\running\facebook buck\test\com\facebook\buck\ide\intellij\testdata\project_with_tests_by_default\modules\test\Test.java
Falha em ArtifactResolver. O arquivo java não possui package declaration. File: D:\Desenvolvimento\Projetos Github\running\facebook buck\test\com\facebook\buck\ide\intellij\testdata\project_with_tests_by_default\modules\lib\Test.java
Falha em ArtifactResolver. O arquivo java não possui package declaration. File: D:\Desenvolvimento\Projetos Github\running\facebook buck\test\com\facebook\buck\ide\intellij\testdata\project_with_tests_by_default\modules\dep_test\Test.java
Falha em ArtifactResolver. O arquivo java não possui package declaration. File: D:\Desenvolvimento\Projetos Github\running\facebook buck\test\com\facebook\buck\ide\intellij\testdata\project_with_tests_by_default\modules\dep\Test.java
Falha em ArtifactResolver. O arquivo java não é válido. File: D:\Desenvolvimento\Projetos Github\running\facebook buck\test\com\facebook\buck\ide\intellij\testdata\project_with_scripts\modules\dep1\src\Foo.java
Falha em ArtifactResolver. O arquivo java não é válido. File: D:\Desenvolvimento\Projetos Github\running\facebook buck\test\com\facebook\buck\ide\intellij\testdata\project_with_project_settings\modules\dep1\src\Foo.java
Falha em ArtifactResolver. O arquivo java não possui package declaration. File: D:\Desenvolvimento\Projetos Github\running\facebook buck\test\com\facebook\buck\ide\intellij\testdata\project_with_project_root\project2\lib\Test.java
Falha em ArtifactResolver. O arquivo java não possui package declaration. File: D:\Desenvolvimento\Projetos Github\running\facebook buck\test\com\facebook\buck\ide\intellij\testdata\project_with_project_root\project2\dep\Test.java
Falha em ArtifactResolver. O arquivo java não possui package declaration. File: D:\Desenvolvimento\Projetos Github\running\facebook buck\test\com\facebook\buck\ide\intellij\testdata\project_with_project_root\project1\lib\Test.java
Falha em ArtifactResolver. O arquivo java não possui package declaration. File: D:\Desenvolvimento\Projetos Github\running\facebook buck\test\com\facebook\buck\ide\intellij\testdata\project_with_project_root\project1\dep\Test.java
Falha em ArtifactResolver. O arquivo java não possui package declaration. File: D:\Desenvolvimento\Projetos Github\running\facebook buck\test\com\facebook\buck\ide\intellij\testdata\project_with_prebuilt_jar\modules\tip\Test.java
Falha em ArtifactResolver. O arquivo java não possui package declaration. File: D:\Desenvolvimento\Projetos Github\running\facebook buck\test\com\facebook\buck\ide\intellij\testdata\project_with_package_boundary_exception\project3\lib\src\src2\Test2.java
Falha em ArtifactResolver. O arquivo java não possui package declaration. File: D:\Desenvolvimento\Projetos Github\running\facebook buck\test\com\facebook\buck\ide\intellij\testdata\project_with_package_boundary_exception\project3\lib\src\src1\Test1.java
Falha em ArtifactResolver. O arquivo java não possui package declaration. File: D:\Desenvolvimento\Projetos Github\running\facebook buck\test\com\facebook\buck\ide\intellij\testdata\project_with_package_boundary_exception\project2\lib\Test.java
Falha em ArtifactResolver. O arquivo java não possui package declaration. File: D:\Desenvolvimento\Projetos Github\running\facebook buck\test\com\facebook\buck\ide\intellij\testdata\project_with_package_boundary_exception\project1\lib2\src\src2\Test2.java
Falha em ArtifactResolver. O arquivo java não possui package declaration. File: D:\Desenvolvimento\Projetos Github\running\facebook buck\test\com\facebook\buck\ide\intellij\testdata\project_with_package_boundary_exception\project1\lib2\src\src1\Test1.java
Falha em ArtifactResolver. O arquivo java não possui package declaration. File: D:\Desenvolvimento\Projetos Github\running\facebook buck\test\com\facebook\buck\ide\intellij\testdata\project_with_package_boundary_exception\project1\lib\src\src2\Test2.java
Falha em ArtifactResolver. O arquivo java não possui package declaration. File: D:\Desenvolvimento\Projetos Github\running\facebook buck\test\com\facebook\buck\ide\intellij\testdata\project_with_package_boundary_exception\project1\lib\src\src1\Test1.java
Falha em ArtifactResolver. O arquivo java não é válido. File: D:\Desenvolvimento\Projetos Github\running\facebook buck\test\com\facebook\buck\ide\intellij\testdata\project_with_output_url\modules\dep1\src\Foo.java
Falha em ArtifactResolver. O arquivo java não possui package declaration. File: D:\Desenvolvimento\Projetos Github\running\facebook buck\test\com\facebook\buck\ide\intellij\testdata\project_with_multiple_libraries\modules\tip\Test.java
Falha em ArtifactResolver. O arquivo java não é válido. File: D:\Desenvolvimento\Projetos Github\running\facebook buck\test\com\facebook\buck\ide\intellij\testdata\project_with_language_level\modules\dep1\src\Foo.java
Falha em ArtifactResolver. O arquivo java não possui package declaration. File: D:\Desenvolvimento\Projetos Github\running\facebook buck\test\com\facebook\buck\ide\intellij\testdata\project_with_intellij_sdk\plugin2\HelloWorld.java
Falha em ArtifactResolver. O arquivo java não possui package declaration. File: D:\Desenvolvimento\Projetos Github\running\facebook buck\test\com\facebook\buck\ide\intellij\testdata\project_with_ignored_targets\modules\tip\Test.java
Falha em ArtifactResolver. O arquivo java não possui package declaration. File: D:\Desenvolvimento\Projetos Github\running\facebook buck\test\com\facebook\buck\ide\intellij\testdata\project_with_ignored_targets\modules\labels\Test.java
Falha em ArtifactResolver. O arquivo java não possui package declaration. File: D:\Desenvolvimento\Projetos Github\running\facebook buck\test\com\facebook\buck\ide\intellij\testdata\project_with_generated_sources\modules\labels_and_deps\Test.java
Falha em ArtifactResolver. O arquivo java não possui package declaration. File: D:\Desenvolvimento\Projetos Github\running\facebook buck\test\com\facebook\buck\ide\intellij\testdata\project_with_generated_sources\modules\labels\Test.java
Falha em ArtifactResolver. O arquivo java não possui package declaration. File: D:\Desenvolvimento\Projetos Github\running\facebook buck\test\com\facebook\buck\ide\intellij\testdata\project_with_artifacts\modules\tip\Test.java
Falha em ArtifactResolver. O arquivo java não é válido. File: D:\Desenvolvimento\Projetos Github\running\facebook buck\test\com\facebook\buck\ide\intellij\testdata\project_with_android_resources\modules\dep2\src\Foo.java
Falha em ArtifactResolver. O arquivo java não possui package declaration. File: D:\Desenvolvimento\Projetos Github\running\facebook buck\test\com\facebook\buck\ide\intellij\testdata\project_without_tests\modules\test\Test.java
Falha em ArtifactResolver. O arquivo java não possui package declaration. File: D:\Desenvolvimento\Projetos Github\running\facebook buck\test\com\facebook\buck\ide\intellij\testdata\project_without_tests\modules\lib\Test.java
Falha em ArtifactResolver. O arquivo java não possui package declaration. File: D:\Desenvolvimento\Projetos Github\running\facebook buck\test\com\facebook\buck\ide\intellij\testdata\project_without_tests\modules\dep_test\Test.java
Falha em ArtifactResolver. O arquivo java não possui package declaration. File: D:\Desenvolvimento\Projetos Github\running\facebook buck\test\com\facebook\buck\ide\intellij\testdata\project_without_tests\modules\dep\Test.java
Falha em ArtifactResolver. O arquivo java não possui package declaration. File: D:\Desenvolvimento\Projetos Github\running\facebook buck\test\com\facebook\buck\ide\intellij\testdata\project_without_dep_tests\modules\test\Test.java
Falha em ArtifactResolver. O arquivo java não possui package declaration. File: D:\Desenvolvimento\Projetos Github\running\facebook buck\test\com\facebook\buck\ide\intellij\testdata\project_without_dep_tests\modules\lib\Test.java
Falha em ArtifactResolver. O arquivo java não possui package declaration. File: D:\Desenvolvimento\Projetos Github\running\facebook buck\test\com\facebook\buck\ide\intellij\testdata\project_without_dep_tests\modules\dep_test\Test.java
Falha em ArtifactResolver. O arquivo java não possui package declaration. File: D:\Desenvolvimento\Projetos Github\running\facebook buck\test\com\facebook\buck\ide\intellij\testdata\project_without_dep_tests\modules\dep\Test.java
Falha em ArtifactResolver. O arquivo java não é válido. File: D:\Desenvolvimento\Projetos Github\running\facebook buck\test\com\facebook\buck\ide\intellij\testdata\project_without_autogeneration\modules\dep1\src\Foo.java
Falha em ArtifactResolver. O arquivo java não possui package declaration. File: D:\Desenvolvimento\Projetos Github\running\facebook buck\test\com\facebook\buck\ide\intellij\testdata\project_without_artifacts\modules\tip\Test.java
Falha em ArtifactResolver. O arquivo java não é válido. File: D:\Desenvolvimento\Projetos Github\running\facebook buck\test\com\facebook\buck\ide\intellij\testdata\project_slice\modules\dep2\src\Foo.java
Falha em ArtifactResolver. O arquivo java não é válido. File: D:\Desenvolvimento\Projetos Github\running\facebook buck\test\com\facebook\buck\ide\intellij\testdata\project_slice\modules\dep1\src\Foo.java
Falha em ArtifactResolver. O arquivo java não é válido. File: D:\Desenvolvimento\Projetos Github\running\facebook buck\test\com\facebook\buck\ide\intellij\testdata\project1\modules\dep1\src\Foo.java
Falha em ArtifactResolver. O arquivo java não é válido. File: D:\Desenvolvimento\Projetos Github\running\facebook buck\test\com\facebook\buck\ide\intellij\testdata\android_resources_in_the_same_folder\modules\dep1\src\Foo.java
Falha em ArtifactResolver. O arquivo java não é válido. File: D:\Desenvolvimento\Projetos Github\running\facebook buck\test\com\facebook\buck\ide\intellij\testdata\aggregation_with_custom_packages\java\default\Test.java
Falha em ArtifactResolver. O arquivo java não é válido. File: D:\Desenvolvimento\Projetos Github\running\facebook buck\test\com\facebook\buck\ide\intellij\testdata\aggregation_with_custom_packages\java\default\tip\Tip.java
Falha em ArtifactResolver. O arquivo java não é válido. File: D:\Desenvolvimento\Projetos Github\running\facebook buck\test\com\facebook\buck\ide\intellij\testdata\aggregation_with_custom_packages\java\default\dep1\Test.java
Falha em ArtifactResolver. O arquivo java não é válido. File: D:\Desenvolvimento\Projetos Github\running\facebook buck\test\com\facebook\buck\ide\intellij\testdata\aggregation_with_custom_packages\java\default\dep1\nested\Test.java
Falha em ArtifactResolver. O arquivo java não é válido. File: D:\Desenvolvimento\Projetos Github\running\facebook buck\test\com\facebook\buck\ide\intellij\testdata\aggregation\java\code\java\default\tip\src\module\Test.java
Falha em ArtifactResolver. O arquivo java não é válido. File: D:\Desenvolvimento\Projetos Github\running\facebook buck\test\com\facebook\buck\distributed\testdata\symlink\SymlinkSourceFile.java
Falha em ArtifactResolver. O arquivo java não é válido. File: D:\Desenvolvimento\Projetos Github\running\facebook buck\test\com\facebook\buck\distributed\testdata\symlink\root_cell\A.java
Falha em ArtifactResolver. O arquivo java não é válido. File: D:\Desenvolvimento\Projetos Github\running\facebook buck\test\com\facebook\buck\distributed\testdata\simple_java_target\A.java
Falha em ArtifactResolver. O arquivo java não é válido. File: D:\Desenvolvimento\Projetos Github\running\facebook buck\test\com\facebook\buck\distributed\testdata\simple_java_target\B.java
Falha em ArtifactResolver. O arquivo java não é válido. File: D:\Desenvolvimento\Projetos Github\running\facebook buck\test\com\facebook\buck\distributed\testdata\simple_java_target\C.java
Falha em ArtifactResolver. O arquivo java não é válido. File: D:\Desenvolvimento\Projetos Github\running\facebook buck\test\com\facebook\buck\distributed\testdata\preloading_whitelist\A.java
Falha em ArtifactResolver. O arquivo java não é válido. File: D:\Desenvolvimento\Projetos Github\running\facebook buck\test\com\facebook\buck\distributed\testdata\cross_cell\secondary_cell\B.java
Falha em ArtifactResolver. O arquivo java não é válido. File: D:\Desenvolvimento\Projetos Github\running\facebook buck\test\com\facebook\buck\distributed\testdata\cross_cell\root_cell\A.java
Falha em ArtifactResolver. O arquivo java não é válido. File: D:\Desenvolvimento\Projetos Github\running\facebook buck\test\com\facebook\buck\crosscell\testdata\inter-cell\java\secondary\Example.java
Falha em ArtifactResolver. O arquivo java não é válido. File: D:\Desenvolvimento\Projetos Github\running\facebook buck\test\com\facebook\buck\crosscell\testdata\inter-cell\java\primary\Main.java
Falha em ArtifactResolver. O arquivo java não é válido. File: D:\Desenvolvimento\Projetos Github\running\facebook buck\test\com\facebook\buck\crosscell\testdata\inter-cell\android\secondary\java\com\crosscell\CrossCell.java
Falha em ArtifactResolver. O arquivo java não é válido. File: D:\Desenvolvimento\Projetos Github\running\facebook buck\test\com\facebook\buck\crosscell\testdata\inter-cell\android\primary\java\com\sample\lib\Sample.java
Falha em ArtifactResolver. O arquivo java não é válido. File: D:\Desenvolvimento\Projetos Github\running\facebook buck\test\com\facebook\buck\cli\testdata\suggest_java_partition\third-party\AnExample.java
Falha em ArtifactResolver. O arquivo java não possui package declaration. File: D:\Desenvolvimento\Projetos Github\running\facebook buck\test\com\facebook\buck\cli\testdata\query_command\owners_violating_package_boundary\inner\Source.java
Falha em ArtifactResolver. O arquivo java não possui package declaration. File: D:\Desenvolvimento\Projetos Github\running\facebook buck\test\com\facebook\buck\cli\testdata\publish_fatjar\Foo.java
Falha em ArtifactResolver. O arquivo java não possui package declaration. File: D:\Desenvolvimento\Projetos Github\running\facebook buck\test\com\facebook\buck\cli\testdata\publish\Foo.java
Falha em ArtifactResolver. O arquivo java não é válido. File: D:\Desenvolvimento\Projetos Github\running\facebook buck\test\com\facebook\buck\cli\testdata\output_path\A.java
Falha em ArtifactResolver. O arquivo java não possui package declaration. File: D:\Desenvolvimento\Projetos Github\running\facebook buck\test\com\facebook\buck\cli\testdata\java_library_with_tests\Test.java
Falha em ArtifactResolver. Arquivo falhou ao parsear. File: D:\Desenvolvimento\Projetos Github\running\facebook buck\test\com\facebook\buck\cli\testdata\filtered_tests\Broken.java
Falha em ArtifactResolver. O arquivo java não é válido. File: D:\Desenvolvimento\Projetos Github\running\facebook buck\test\com\facebook\buck\cli\testdata\fetch_nothing\A.java
Falha em ArtifactResolver. O arquivo java não possui package declaration. File: D:\Desenvolvimento\Projetos Github\running\facebook buck\test\com\facebook\buck\cli\testdata\external_test_runner\SimpleTest.java
Falha em ArtifactResolver. O arquivo java não possui package declaration. File: D:\Desenvolvimento\Projetos Github\running\facebook buck\test\com\facebook\buck\cli\testdata\external_test_runner\SimpleTest2.java
Falha em ArtifactResolver. O arquivo java não é válido. File: D:\Desenvolvimento\Projetos Github\running\facebook buck\test\com\facebook\buck\cli\testdata\exclusive_execution\SleepTest.java
Falha em ArtifactResolver. O arquivo java não é válido. File: D:\Desenvolvimento\Projetos Github\running\facebook buck\test\com\facebook\buck\cli\testdata\dist_build_source_files_example\A.java
Falha em ArtifactResolver. O arquivo java não é válido. File: D:\Desenvolvimento\Projetos Github\running\facebook buck\test\com\facebook\buck\cli\testdata\dist_build_source_files_example\B.java
Falha em ArtifactResolver. O arquivo java não é válido. File: D:\Desenvolvimento\Projetos Github\running\facebook buck\test\com\facebook\buck\cli\testdata\build_into\Example.java
Falha em ArtifactResolver. O arquivo java não é válido. File: D:\Desenvolvimento\Projetos Github\running\facebook buck\test\com\facebook\buck\cli\testdata\buck_events\Foo.java
Falha em ArtifactResolver. O arquivo java não possui package declaration. File: D:\Desenvolvimento\Projetos Github\running\facebook buck\test\com\facebook\buck\cli\testdata\buck_events\test\MockTest.java
Falha em ArtifactResolver. O arquivo java não possui package declaration. File: D:\Desenvolvimento\Projetos Github\running\facebook buck\test\com\facebook\buck\cli\testdata\buck_events\test\MockTest2.java
Falha em ArtifactResolver. Arquivo falhou ao parsear. File: D:\Desenvolvimento\Projetos Github\running\facebook buck\test\com\facebook\buck\cli\testdata\buck_events\compiler_error\Broken.java
Falha em ArtifactResolver. O arquivo java não possui package declaration. File: D:\Desenvolvimento\Projetos Github\running\facebook buck\test\com\facebook\buck\cli\bootstrapper\testdata\old_guava\A.java
Falha em ArtifactResolver. O arquivo java não possui package declaration. File: D:\Desenvolvimento\Projetos Github\running\facebook buck\test\com\facebook\buck\cli\bootstrapper\testdata\old_guava\SimpleProc.java
Falha em ArtifactResolver. O arquivo java não é válido. File: D:\Desenvolvimento\Projetos Github\running\facebook buck\test\com\facebook\buck\android\testdata\parse_package_from_manifest\ExampleActivity.java
Falha em ArtifactResolver. O arquivo java não é válido. File: D:\Desenvolvimento\Projetos Github\running\facebook buck\test\com\facebook\buck\android\testdata\exopackage-device\AppShell.java
Falha em ArtifactResolver. O arquivo java não é válido. File: D:\Desenvolvimento\Projetos Github\running\facebook buck\test\com\facebook\buck\android\testdata\exopackage-device\LogActivity.java
Falha em ArtifactResolver. O arquivo java não é válido. File: D:\Desenvolvimento\Projetos Github\running\facebook buck\test\com\facebook\buck\android\testdata\exopackage-device\app-meta-tool\ExoMetaLogActivity.java
Falha em ArtifactResolver. O arquivo java não é válido. File: D:\Desenvolvimento\Projetos Github\running\facebook buck\test\com\facebook\buck\android\testdata\build_config\Main.java
Falha em ArtifactResolver. O arquivo java não é válido. File: D:\Desenvolvimento\Projetos Github\running\facebook buck\test\com\facebook\buck\android\testdata\bad_android_config\Hello.java
Falha em ArtifactResolver. O arquivo java não é válido. File: D:\Desenvolvimento\Projetos Github\running\facebook buck\test\com\facebook\buck\android\testdata\bad_android_config\HelloActivity.java
Falha em ArtifactResolver. Arquivo falhou ao parsear. File: D:\Desenvolvimento\Projetos Github\running\facebook buck\test\com\facebook\buck\android\testdata\android_project\kotlin\com\sample\lib\JavaClass.java
Falha em ArtifactResolver. O arquivo java não é válido. File: D:\Desenvolvimento\Projetos Github\running\facebook buck\test\com\facebook\buck\android\testdata\android_project\java\com\sample2\Sample.java
Falha em ArtifactResolver. O arquivo java não é válido. File: D:\Desenvolvimento\Projetos Github\running\facebook buck\test\com\facebook\buck\android\testdata\android_project\java\com\sample\small_inner_class\SmallWithInnerClass.java
Falha em ArtifactResolver. O arquivo java não é válido. File: D:\Desenvolvimento\Projetos Github\running\facebook buck\test\com\facebook\buck\android\testdata\android_project\java\com\sample\small\Small.java
Falha em ArtifactResolver. O arquivo java não é válido. File: D:\Desenvolvimento\Projetos Github\running\facebook buck\test\com\facebook\buck\android\testdata\android_project\java\com\sample\lib\Sample.java
Falha em ArtifactResolver. O arquivo java não é válido. File: D:\Desenvolvimento\Projetos Github\running\facebook buck\test\com\facebook\buck\android\testdata\android_project\java\com\sample\lib\Sample2.java
Falha em ArtifactResolver. O arquivo java não é válido. File: D:\Desenvolvimento\Projetos Github\running\facebook buck\test\com\facebook\buck\android\testdata\android_project\java\com\sample\lib\Sample3.java
Falha em ArtifactResolver. O arquivo java não é válido. File: D:\Desenvolvimento\Projetos Github\running\facebook buck\test\com\facebook\buck\android\testdata\android_project\java\com\example\aar\Dependency.java
Falha em ArtifactResolver. O arquivo java não é válido. File: D:\Desenvolvimento\Projetos Github\running\facebook buck\test\com\facebook\buck\android\testdata\android_project\java\com\buildconfigs\ConfigConsumer.java
Falha em ArtifactResolver. O arquivo java não é válido. File: D:\Desenvolvimento\Projetos Github\running\facebook buck\test\com\facebook\buck\android\testdata\android_project\apps\aar_build_config\HelloWorld.java
Falha em ArtifactResolver. O arquivo java não é válido. File: D:\Desenvolvimento\Projetos Github\running\facebook buck\test\com\facebook\buck\android\testdata\android_prebuilt_aar\ExampleActivity.java
Falha em ArtifactResolver. O arquivo java não é válido. File: D:\Desenvolvimento\Projetos Github\running\facebook buck\test\com\facebook\buck\android\testdata\android_prebuilt_aar\prebuilt_jar-dep\ExampleActivity.java
Falha em ArtifactResolver. O arquivo java não é válido. File: D:\Desenvolvimento\Projetos Github\running\facebook buck\test\com\facebook\buck\android\testdata\android_prebuilt_aar\android_prebuilt_aar-dep\ExampleActivity.java
Falha em ArtifactResolver. O arquivo java não é válido. File: D:\Desenvolvimento\Projetos Github\running\facebook buck\test\com\facebook\buck\android\testdata\android_library_dynamic_deps\A.java
Falha em ArtifactResolver. O arquivo java não é válido. File: D:\Desenvolvimento\Projetos Github\running\facebook buck\test\com\facebook\buck\android\testdata\android_library_dynamic_deps\B.java
Falha em ArtifactResolver. O arquivo java não é válido. File: D:\Desenvolvimento\Projetos Github\running\facebook buck\test\com\facebook\buck\android\testdata\android_library_dynamic_deps\C.java
Falha em ArtifactResolver. O arquivo java não é válido. File: D:\Desenvolvimento\Projetos Github\running\facebook buck\test\com\facebook\buck\android\testdata\android_library_dynamic_deps\D.java
Falha em ArtifactResolver. O arquivo java não é válido. File: D:\Desenvolvimento\Projetos Github\running\facebook buck\test\com\facebook\buck\android\testdata\android_library_dynamic_deps\TopLevel.java
Falha em ArtifactResolver. O arquivo java não é válido. File: D:\Desenvolvimento\Projetos Github\running\facebook buck\test\com\facebook\buck\android\testdata\android_library_dynamic_deps\UsesC.java
Falha em ArtifactResolver. O arquivo java não é válido. File: D:\Desenvolvimento\Projetos Github\running\facebook buck\test\com\facebook\buck\android\testdata\android_library_dynamic_deps\UsesR.java
Falha em ArtifactResolver. O arquivo java não é válido. File: D:\Desenvolvimento\Projetos Github\running\facebook buck\test\com\facebook\buck\android\testdata\android_library_as_ap_host\Lib.java
Falha em ArtifactResolver. O arquivo java não é válido. File: D:\Desenvolvimento\Projetos Github\running\facebook buck\test\com\facebook\buck\android\testdata\android_library_as_ap_host\MyAnnotation.java
Falha em ArtifactResolver. O arquivo java não é válido. File: D:\Desenvolvimento\Projetos Github\running\facebook buck\test\com\facebook\buck\android\testdata\android_library_as_ap_host\MyAnnotationProcessor.java
Falha em ArtifactResolver. O arquivo java não é válido. File: D:\Desenvolvimento\Projetos Github\running\facebook buck\test\com\facebook\buck\android\testdata\android_library_as_ap_host\Source.java
Falha em ArtifactResolver. O arquivo java não é válido. File: D:\Desenvolvimento\Projetos Github\running\facebook buck\test\com\facebook\buck\android\testdata\android_library_as_ap_host\Unrelated.java
Falha em ArtifactResolver. O arquivo java não é válido. File: D:\Desenvolvimento\Projetos Github\running\facebook buck\test\com\facebook\buck\android\testdata\android_instrumentation_apk_integration_test\java\com\sample\lib\Sample.java
Falha em ArtifactResolver. O arquivo java não é válido. File: D:\Desenvolvimento\Projetos Github\running\facebook buck\test\com\facebook\buck\android\testdata\android_instrumentation_apk_integration_test\java\com\sample\lib\Sample2.java
Falha em ArtifactResolver. O arquivo java não é válido. File: D:\Desenvolvimento\Projetos Github\running\facebook buck\test\com\facebook\buck\android\testdata\android_instrumentation_apk_integration_test\java\com\sample\lib\Sample3.java
Falha em ArtifactResolver. O arquivo java não é válido. File: D:\Desenvolvimento\Projetos Github\running\facebook buck\test\com\facebook\buck\android\testdata\android_aar_native_deps\ndk_deps\HelloWorld.java
Falha em ArtifactResolver. O arquivo java não possui package declaration. File: D:\Desenvolvimento\Projetos Github\running\facebook buck\test\com\facebook\buck\android\testdata\android_aar_native_deps\cxx_deps\Lib.java
Falha em ArtifactResolver. O arquivo java não é válido. File: D:\Desenvolvimento\Projetos Github\running\facebook buck\test\com\facebook\buck\android\testdata\android_aar_build\caseA\HelloWorld.java

MAVEN ERROR FILES

GRADLE ERROR FILES

UNSOLVED ERROR FILES
Falha no Analyzer. Classe 'Unsolved symbol : XMLStreamException' não encontrada. File: D:\Desenvolvimento\Projetos Github\running\facebook buck\third-party\java\aosp\src\com\android\common\utils\XmlUtils.java
Falha no Analyzer. Classe 'Unsolved symbol : TBase' não encontrada. File: D:\Desenvolvimento\Projetos Github\running\facebook buck\src-gen\com\facebook\buck\parser\thrift\BuildFileEnvProperty.java
Falha no Analyzer. Classe 'Unsolved symbol : TBase' não encontrada. File: D:\Desenvolvimento\Projetos Github\running\facebook buck\src-gen\com\facebook\buck\parser\thrift\BuildJobStateDaemonicParserState.java
Falha no Analyzer. Classe 'Unsolved symbol : TBase' não encontrada. File: D:\Desenvolvimento\Projetos Github\running\facebook buck\src-gen\com\facebook\buck\parser\thrift\RemoteDaemonicCellState.java
Falha no Analyzer. Classe 'Unsolved symbol : TBase' não encontrada. File: D:\Desenvolvimento\Projetos Github\running\facebook buck\src-gen\com\facebook\buck\parser\thrift\RemoteDaemonicParserState.java
Falha no Analyzer. Classe 'Unsolved symbol : TBase' não encontrada. File: D:\Desenvolvimento\Projetos Github\running\facebook buck\src-gen\com\facebook\buck\log\thrift\ExperimentStatsRemoteLogEntry.java
Falha no Analyzer. Classe 'Unsolved symbol : TBase' não encontrada. File: D:\Desenvolvimento\Projetos Github\running\facebook buck\src-gen\com\facebook\buck\log\thrift\MemoryStatsRemoteLogEntry.java
Falha no Analyzer. Classe 'Unsolved symbol : TBase' não encontrada. File: D:\Desenvolvimento\Projetos Github\running\facebook buck\src-gen\com\facebook\buck\log\thrift\ProcessStatsRemoteLogEntry.java
Falha no Analyzer. Classe 'Unsolved symbol : TBase' não encontrada. File: D:\Desenvolvimento\Projetos Github\running\facebook buck\src-gen\com\facebook\buck\log\thrift\RemoteLogEntry.java
Falha no Analyzer. Classe 'Unsolved symbol : TBase' não encontrada. File: D:\Desenvolvimento\Projetos Github\running\facebook buck\src-gen\com\facebook\buck\log\thrift\TimeStatsRemoteLogEntry.java
Falha no Analyzer. Classe 'Unsolved symbol : TBase' não encontrada. File: D:\Desenvolvimento\Projetos Github\running\facebook buck\src-gen\com\facebook\buck\log\thrift\VersionControlStatsRemoteLogEntry.java
Falha no Analyzer. Classe 'Unsolved symbol : TBase' não encontrada. File: D:\Desenvolvimento\Projetos Github\running\facebook buck\src-gen\com\facebook\buck\distributed\thrift\Announcement.java
Falha no Analyzer. Classe 'Unsolved symbol : TBase' não encontrada. File: D:\Desenvolvimento\Projetos Github\running\facebook buck\src-gen\com\facebook\buck\distributed\thrift\AnnouncementRequest.java
Falha no Analyzer. Classe 'Unsolved symbol : TBase' não encontrada. File: D:\Desenvolvimento\Projetos Github\running\facebook buck\src-gen\com\facebook\buck\distributed\thrift\AnnouncementResponse.java
Falha no Analyzer. Classe 'Unsolved symbol : TBase' não encontrada. File: D:\Desenvolvimento\Projetos Github\running\facebook buck\src-gen\com\facebook\buck\distributed\thrift\AppendBuildSlaveEventsRequest.java
Falha no Analyzer. Classe 'Unsolved symbol : TBase' não encontrada. File: D:\Desenvolvimento\Projetos Github\running\facebook buck\src-gen\com\facebook\buck\distributed\thrift\AppendBuildSlaveEventsResponse.java
Falha no Analyzer. Classe 'Unsolved symbol : TBase' não encontrada. File: D:\Desenvolvimento\Projetos Github\running\facebook buck\src-gen\com\facebook\buck\distributed\thrift\BuckVersion.java
Falha no Analyzer. Classe 'Unsolved symbol : TBase' não encontrada. File: D:\Desenvolvimento\Projetos Github\running\facebook buck\src-gen\com\facebook\buck\distributed\thrift\BuildJob.java
Falha no Analyzer. Classe 'Unsolved symbol : TBase' não encontrada. File: D:\Desenvolvimento\Projetos Github\running\facebook buck\src-gen\com\facebook\buck\distributed\thrift\BuildJobState.java
Falha no Analyzer. Classe 'Unsolved symbol : TBase' não encontrada. File: D:\Desenvolvimento\Projetos Github\running\facebook buck\src-gen\com\facebook\buck\distributed\thrift\BuildJobStateBuckConfig.java
Falha no Analyzer. Classe 'Unsolved symbol : TBase' não encontrada. File: D:\Desenvolvimento\Projetos Github\running\facebook buck\src-gen\com\facebook\buck\distributed\thrift\BuildJobStateBuildTarget.java
Falha no Analyzer. Classe 'Unsolved symbol : TBase' não encontrada. File: D:\Desenvolvimento\Projetos Github\running\facebook buck\src-gen\com\facebook\buck\distributed\thrift\BuildJobStateCell.java
Falha no Analyzer. Classe 'Unsolved symbol : TBase' não encontrada. File: D:\Desenvolvimento\Projetos Github\running\facebook buck\src-gen\com\facebook\buck\distributed\thrift\BuildJobStateFileHashEntry.java
Falha no Analyzer. Classe 'Unsolved symbol : TBase' não encontrada. File: D:\Desenvolvimento\Projetos Github\running\facebook buck\src-gen\com\facebook\buck\distributed\thrift\BuildJobStateFileHashes.java
Falha no Analyzer. Classe 'Unsolved symbol : TBase' não encontrada. File: D:\Desenvolvimento\Projetos Github\running\facebook buck\src-gen\com\facebook\buck\distributed\thrift\BuildJobStateTargetGraph.java
Falha no Analyzer. Classe 'Unsolved symbol : TBase' não encontrada. File: D:\Desenvolvimento\Projetos Github\running\facebook buck\src-gen\com\facebook\buck\distributed\thrift\BuildJobStateTargetNode.java
Falha no Analyzer. Classe 'Unsolved symbol : TBase' não encontrada. File: D:\Desenvolvimento\Projetos Github\running\facebook buck\src-gen\com\facebook\buck\distributed\thrift\BuildModeInfo.java
Falha no Analyzer. Classe 'Unsolved symbol : TBase' não encontrada. File: D:\Desenvolvimento\Projetos Github\running\facebook buck\src-gen\com\facebook\buck\distributed\thrift\BuildSlaveConsoleEvent.java
Falha no Analyzer. Classe 'Unsolved symbol : TBase' não encontrada. File: D:\Desenvolvimento\Projetos Github\running\facebook buck\src-gen\com\facebook\buck\distributed\thrift\BuildSlaveEvent.java
Falha no Analyzer. Classe 'Unsolved symbol : TBase' não encontrada. File: D:\Desenvolvimento\Projetos Github\running\facebook buck\src-gen\com\facebook\buck\distributed\thrift\BuildSlaveEventsQuery.java
Falha no Analyzer. Classe 'Unsolved symbol : TBase' não encontrada. File: D:\Desenvolvimento\Projetos Github\running\facebook buck\src-gen\com\facebook\buck\distributed\thrift\BuildSlaveEventsRange.java
Falha no Analyzer. Classe 'Unsolved symbol : TBase' não encontrada. File: D:\Desenvolvimento\Projetos Github\running\facebook buck\src-gen\com\facebook\buck\distributed\thrift\BuildSlaveFinishedStats.java
Falha no Analyzer. Classe 'Unsolved symbol : TBase' não encontrada. File: D:\Desenvolvimento\Projetos Github\running\facebook buck\src-gen\com\facebook\buck\distributed\thrift\BuildSlaveInfo.java
Falha no Analyzer. Classe 'Unsolved symbol : TBase' não encontrada. File: D:\Desenvolvimento\Projetos Github\running\facebook buck\src-gen\com\facebook\buck\distributed\thrift\BuildSlavePerStageTimingStats.java
Falha no Analyzer. Classe 'Unsolved symbol : TBase' não encontrada. File: D:\Desenvolvimento\Projetos Github\running\facebook buck\src-gen\com\facebook\buck\distributed\thrift\BuildSlaveStatus.java
Falha no Analyzer. Classe 'Unsolved symbol : TBase' não encontrada. File: D:\Desenvolvimento\Projetos Github\running\facebook buck\src-gen\com\facebook\buck\distributed\thrift\BuildStatusRequest.java
Falha no Analyzer. Classe 'Unsolved symbol : TBase' não encontrada. File: D:\Desenvolvimento\Projetos Github\running\facebook buck\src-gen\com\facebook\buck\distributed\thrift\BuildStatusResponse.java
Falha no Analyzer. Classe 'Unsolved symbol : TBase' não encontrada. File: D:\Desenvolvimento\Projetos Github\running\facebook buck\src-gen\com\facebook\buck\distributed\thrift\CacheRateStats.java
Falha no Analyzer. Classe 'Unsolved symbol : TBase' não encontrada. File: D:\Desenvolvimento\Projetos Github\running\facebook buck\src-gen\com\facebook\buck\distributed\thrift\CASContainsRequest.java
Falha no Analyzer. Classe 'Unsolved symbol : TBase' não encontrada. File: D:\Desenvolvimento\Projetos Github\running\facebook buck\src-gen\com\facebook\buck\distributed\thrift\CASContainsResponse.java
Falha no Analyzer. Classe 'Unsolved symbol : TBaseAsyncProcessor' não encontrada. File: D:\Desenvolvimento\Projetos Github\running\facebook buck\src-gen\com\facebook\buck\distributed\thrift\CoordinatorService.java
Falha no Analyzer. Classe 'Unsolved symbol : TBase' não encontrada. File: D:\Desenvolvimento\Projetos Github\running\facebook buck\src-gen\com\facebook\buck\distributed\thrift\CreateBuildRequest.java
Falha no Analyzer. Classe 'Unsolved symbol : TBase' não encontrada. File: D:\Desenvolvimento\Projetos Github\running\facebook buck\src-gen\com\facebook\buck\distributed\thrift\CreateBuildResponse.java
Falha no Analyzer. Classe 'Unsolved symbol : TBase' não encontrada. File: D:\Desenvolvimento\Projetos Github\running\facebook buck\src-gen\com\facebook\buck\distributed\thrift\DebugInfo.java
Falha no Analyzer. Classe 'Unsolved symbol : TBase' não encontrada. File: D:\Desenvolvimento\Projetos Github\running\facebook buck\src-gen\com\facebook\buck\distributed\thrift\FetchBuildGraphRequest.java
Falha no Analyzer. Classe 'Unsolved symbol : TBase' não encontrada. File: D:\Desenvolvimento\Projetos Github\running\facebook buck\src-gen\com\facebook\buck\distributed\thrift\FetchBuildGraphResponse.java
Falha no Analyzer. Classe 'Unsolved symbol : TBase' não encontrada. File: D:\Desenvolvimento\Projetos Github\running\facebook buck\src-gen\com\facebook\buck\distributed\thrift\FetchBuildSlaveFinishedStatsRequest.java
Falha no Analyzer. Classe 'Unsolved symbol : TBase' não encontrada. File: D:\Desenvolvimento\Projetos Github\running\facebook buck\src-gen\com\facebook\buck\distributed\thrift\FetchBuildSlaveFinishedStatsResponse.java
Falha no Analyzer. Classe 'Unsolved symbol : TBase' não encontrada. File: D:\Desenvolvimento\Projetos Github\running\facebook buck\src-gen\com\facebook\buck\distributed\thrift\FetchBuildSlaveStatusRequest.java
Falha no Analyzer. Classe 'Unsolved symbol : TBase' não encontrada. File: D:\Desenvolvimento\Projetos Github\running\facebook buck\src-gen\com\facebook\buck\distributed\thrift\FetchBuildSlaveStatusResponse.java
Falha no Analyzer. Classe 'Unsolved symbol : TBase' não encontrada. File: D:\Desenvolvimento\Projetos Github\running\facebook buck\src-gen\com\facebook\buck\distributed\thrift\FetchRuleKeyLogsRequest.java
Falha no Analyzer. Classe 'Unsolved symbol : TBase' não encontrada. File: D:\Desenvolvimento\Projetos Github\running\facebook buck\src-gen\com\facebook\buck\distributed\thrift\FetchRuleKeyLogsResponse.java
Falha no Analyzer. Classe 'Unsolved symbol : TBase' não encontrada. File: D:\Desenvolvimento\Projetos Github\running\facebook buck\src-gen\com\facebook\buck\distributed\thrift\FetchSourceFilesRequest.java
Falha no Analyzer. Classe 'Unsolved symbol : TBase' não encontrada. File: D:\Desenvolvimento\Projetos Github\running\facebook buck\src-gen\com\facebook\buck\distributed\thrift\FetchSourceFilesResponse.java
Falha no Analyzer. Classe 'Unsolved symbol : TBase' não encontrada. File: D:\Desenvolvimento\Projetos Github\running\facebook buck\src-gen\com\facebook\buck\distributed\thrift\FileInfo.java
Falha no Analyzer. Classe 'Unsolved symbol : TBase' não encontrada. File: D:\Desenvolvimento\Projetos Github\running\facebook buck\src-gen\com\facebook\buck\distributed\thrift\FileMaterializationStats.java
Falha no Analyzer. Classe 'Unsolved symbol : TBase' não encontrada. File: D:\Desenvolvimento\Projetos Github\running\facebook buck\src-gen\com\facebook\buck\distributed\thrift\FinishedBuildingRequest.java
Falha no Analyzer. Classe 'Unsolved symbol : TBase' não encontrada. File: D:\Desenvolvimento\Projetos Github\running\facebook buck\src-gen\com\facebook\buck\distributed\thrift\FinishedBuildingResponse.java
Falha no Analyzer. Classe 'Unsolved symbol : TBase' não encontrada. File: D:\Desenvolvimento\Projetos Github\running\facebook buck\src-gen\com\facebook\buck\distributed\thrift\FrontendRequest.java
Falha no Analyzer. Classe 'Unsolved symbol : TBase' não encontrada. File: D:\Desenvolvimento\Projetos Github\running\facebook buck\src-gen\com\facebook\buck\distributed\thrift\FrontendResponse.java
Falha no Analyzer. Classe 'Unsolved symbol : TBase' não encontrada. File: D:\Desenvolvimento\Projetos Github\running\facebook buck\src-gen\com\facebook\buck\distributed\thrift\GetTargetsToBuildRequest.java
Falha no Analyzer. Classe 'Unsolved symbol : TBase' não encontrada. File: D:\Desenvolvimento\Projetos Github\running\facebook buck\src-gen\com\facebook\buck\distributed\thrift\GetTargetsToBuildResponse.java
Falha no Analyzer. Classe 'Unsolved symbol : TBase' não encontrada. File: D:\Desenvolvimento\Projetos Github\running\facebook buck\src-gen\com\facebook\buck\distributed\thrift\LogDir.java
Falha no Analyzer. Classe 'Unsolved symbol : TBase' não encontrada. File: D:\Desenvolvimento\Projetos Github\running\facebook buck\src-gen\com\facebook\buck\distributed\thrift\LogLineBatch.java
Falha no Analyzer. Classe 'Unsolved symbol : TBase' não encontrada. File: D:\Desenvolvimento\Projetos Github\running\facebook buck\src-gen\com\facebook\buck\distributed\thrift\LogLineBatchRequest.java
Falha no Analyzer. Classe 'Unsolved symbol : TBase' não encontrada. File: D:\Desenvolvimento\Projetos Github\running\facebook buck\src-gen\com\facebook\buck\distributed\thrift\LogRecord.java
Falha no Analyzer. Classe 'Unsolved symbol : TBase' não encontrada. File: D:\Desenvolvimento\Projetos Github\running\facebook buck\src-gen\com\facebook\buck\distributed\thrift\LogRequest.java
Falha no Analyzer. Classe 'Unsolved symbol : TBase' não encontrada. File: D:\Desenvolvimento\Projetos Github\running\facebook buck\src-gen\com\facebook\buck\distributed\thrift\MultiGetBuildSlaveEventsRequest.java
Falha no Analyzer. Classe 'Unsolved symbol : TBase' não encontrada. File: D:\Desenvolvimento\Projetos Github\running\facebook buck\src-gen\com\facebook\buck\distributed\thrift\MultiGetBuildSlaveEventsResponse.java
Falha no Analyzer. Classe 'Unsolved symbol : TBase' não encontrada. File: D:\Desenvolvimento\Projetos Github\running\facebook buck\src-gen\com\facebook\buck\distributed\thrift\MultiGetBuildSlaveLogDirRequest.java
Falha no Analyzer. Classe 'Unsolved symbol : TBase' não encontrada. File: D:\Desenvolvimento\Projetos Github\running\facebook buck\src-gen\com\facebook\buck\distributed\thrift\MultiGetBuildSlaveLogDirResponse.java
Falha no Analyzer. Classe 'Unsolved symbol : TBase' não encontrada. File: D:\Desenvolvimento\Projetos Github\running\facebook buck\src-gen\com\facebook\buck\distributed\thrift\MultiGetBuildSlaveRealTimeLogsRequest.java
Falha no Analyzer. Classe 'Unsolved symbol : TBase' não encontrada. File: D:\Desenvolvimento\Projetos Github\running\facebook buck\src-gen\com\facebook\buck\distributed\thrift\MultiGetBuildSlaveRealTimeLogsResponse.java
Falha no Analyzer. Classe 'Unsolved symbol : TBase' não encontrada. File: D:\Desenvolvimento\Projetos Github\running\facebook buck\src-gen\com\facebook\buck\distributed\thrift\OrderedStringMapEntry.java
Falha no Analyzer. Classe 'Unsolved symbol : TBase' não encontrada. File: D:\Desenvolvimento\Projetos Github\running\facebook buck\src-gen\com\facebook\buck\distributed\thrift\PathInfo.java
Falha no Analyzer. Classe 'Unsolved symbol : TBase' não encontrada. File: D:\Desenvolvimento\Projetos Github\running\facebook buck\src-gen\com\facebook\buck\distributed\thrift\PathWithUnixSeparators.java
Falha no Analyzer. Classe 'Unsolved symbol : TBase' não encontrada. File: D:\Desenvolvimento\Projetos Github\running\facebook buck\src-gen\com\facebook\buck\distributed\thrift\RuleKeyLogEntry.java
Falha no Analyzer. Classe 'Unsolved symbol : TBase' não encontrada. File: D:\Desenvolvimento\Projetos Github\running\facebook buck\src-gen\com\facebook\buck\distributed\thrift\RunId.java
Falha no Analyzer. Classe 'Unsolved symbol : TBase' não encontrada. File: D:\Desenvolvimento\Projetos Github\running\facebook buck\src-gen\com\facebook\buck\distributed\thrift\ScribeData.java
Falha no Analyzer. Classe 'Unsolved symbol : TBase' não encontrada. File: D:\Desenvolvimento\Projetos Github\running\facebook buck\src-gen\com\facebook\buck\distributed\thrift\SequencedBuildSlaveEvent.java
Falha no Analyzer. Classe 'Unsolved symbol : TBase' não encontrada. File: D:\Desenvolvimento\Projetos Github\running\facebook buck\src-gen\com\facebook\buck\distributed\thrift\SetBuckDotFilePathsRequest.java
Falha no Analyzer. Classe 'Unsolved symbol : TBase' não encontrada. File: D:\Desenvolvimento\Projetos Github\running\facebook buck\src-gen\com\facebook\buck\distributed\thrift\SetBuckVersionRequest.java
Falha no Analyzer. Classe 'Unsolved symbol : TBase' não encontrada. File: D:\Desenvolvimento\Projetos Github\running\facebook buck\src-gen\com\facebook\buck\distributed\thrift\SlaveStream.java
Falha no Analyzer. Classe 'Unsolved symbol : TBase' não encontrada. File: D:\Desenvolvimento\Projetos Github\running\facebook buck\src-gen\com\facebook\buck\distributed\thrift\StampedeId.java
Falha no Analyzer. Classe 'Unsolved symbol : TBase' não encontrada. File: D:\Desenvolvimento\Projetos Github\running\facebook buck\src-gen\com\facebook\buck\distributed\thrift\StartBuildRequest.java
Falha no Analyzer. Classe 'Unsolved symbol : TBase' não encontrada. File: D:\Desenvolvimento\Projetos Github\running\facebook buck\src-gen\com\facebook\buck\distributed\thrift\StartBuildResponse.java
Falha no Analyzer. Classe 'Unsolved symbol : TBase' não encontrada. File: D:\Desenvolvimento\Projetos Github\running\facebook buck\src-gen\com\facebook\buck\distributed\thrift\StoreBuildGraphRequest.java
Falha no Analyzer. Classe 'Unsolved symbol : TBase' não encontrada. File: D:\Desenvolvimento\Projetos Github\running\facebook buck\src-gen\com\facebook\buck\distributed\thrift\StoreBuildSlaveFinishedStatsRequest.java
Falha no Analyzer. Classe 'Unsolved symbol : TBase' não encontrada. File: D:\Desenvolvimento\Projetos Github\running\facebook buck\src-gen\com\facebook\buck\distributed\thrift\StoreBuildSlaveFinishedStatsResponse.java
Falha no Analyzer. Classe 'Unsolved symbol : TBase' não encontrada. File: D:\Desenvolvimento\Projetos Github\running\facebook buck\src-gen\com\facebook\buck\distributed\thrift\StoreLocalChangesRequest.java
Falha no Analyzer. Classe 'Unsolved symbol : TBase' não encontrada. File: D:\Desenvolvimento\Projetos Github\running\facebook buck\src-gen\com\facebook\buck\distributed\thrift\StreamLogs.java
Falha no Analyzer. Classe 'Unsolved symbol : TBase' não encontrada. File: D:\Desenvolvimento\Projetos Github\running\facebook buck\src-gen\com\facebook\buck\distributed\thrift\UpdateBuildSlaveStatusRequest.java
Falha no Analyzer. Classe 'Unsolved symbol : TBase' não encontrada. File: D:\Desenvolvimento\Projetos Github\running\facebook buck\src-gen\com\facebook\buck\distributed\thrift\UpdateBuildSlaveStatusResponse.java
Falha no Analyzer. Classe 'Unsolved symbol : TBase' não encontrada. File: D:\Desenvolvimento\Projetos Github\running\facebook buck\src-gen\com\facebook\buck\artifact_cache\thrift\ArtifactMetadata.java
Falha no Analyzer. Classe 'Unsolved symbol : TBase' não encontrada. File: D:\Desenvolvimento\Projetos Github\running\facebook buck\src-gen\com\facebook\buck\artifact_cache\thrift\BuckCacheFetchRequest.java
Falha no Analyzer. Classe 'Unsolved symbol : TBase' não encontrada. File: D:\Desenvolvimento\Projetos Github\running\facebook buck\src-gen\com\facebook\buck\artifact_cache\thrift\BuckCacheFetchResponse.java
Falha no Analyzer. Classe 'Unsolved symbol : TBase' não encontrada. File: D:\Desenvolvimento\Projetos Github\running\facebook buck\src-gen\com\facebook\buck\artifact_cache\thrift\BuckCacheRequest.java
Falha no Analyzer. Classe 'Unsolved symbol : TBase' não encontrada. File: D:\Desenvolvimento\Projetos Github\running\facebook buck\src-gen\com\facebook\buck\artifact_cache\thrift\BuckCacheResponse.java
Falha no Analyzer. Classe 'Unsolved symbol : TBase' não encontrada. File: D:\Desenvolvimento\Projetos Github\running\facebook buck\src-gen\com\facebook\buck\artifact_cache\thrift\BuckCacheStoreRequest.java
Falha no Analyzer. Classe 'Unsolved symbol : TBase' não encontrada. File: D:\Desenvolvimento\Projetos Github\running\facebook buck\src-gen\com\facebook\buck\artifact_cache\thrift\BuckCacheStoreResponse.java
Falha no Analyzer. Classe 'Unsolved symbol : TBase' não encontrada. File: D:\Desenvolvimento\Projetos Github\running\facebook buck\src-gen\com\facebook\buck\artifact_cache\thrift\FetchDebugInfo.java
Falha no Analyzer. Classe 'Unsolved symbol : TBase' não encontrada. File: D:\Desenvolvimento\Projetos Github\running\facebook buck\src-gen\com\facebook\buck\artifact_cache\thrift\PayloadInfo.java
Falha no Analyzer. Classe 'Unsolved symbol : TBase' não encontrada. File: D:\Desenvolvimento\Projetos Github\running\facebook buck\src-gen\com\facebook\buck\artifact_cache\thrift\RuleKey.java
Falha no Analyzer. Classe 'Unsolved symbol : TBase' não encontrada. File: D:\Desenvolvimento\Projetos Github\running\facebook buck\src-gen\com\facebook\buck\artifact_cache\thrift\StoreDebugInfo.java
Falha no Analyzer. Classe 'Unsolved symbol : JsonProcessingException' não encontrada. File: D:\Desenvolvimento\Projetos Github\running\facebook buck\src\com\facebook\buck\util\MoreFunctions.java
Falha no Analyzer. Classe 'Unsolved symbol : Supplier' não encontrada. File: D:\Desenvolvimento\Projetos Github\running\facebook buck\src\com\facebook\buck\util\PackagedResource.java
Falha no Analyzer. Classe 'Unsolved symbol : CmdLineException' não encontrada. File: D:\Desenvolvimento\Projetos Github\running\facebook buck\src\com\facebook\buck\util\trace\uploader\Main.java
Falha no Analyzer. Classe 'Unsolved symbol : AbstractScheduledService' não encontrada. File: D:\Desenvolvimento\Projetos Github\running\facebook buck\src\com\facebook\buck\util\perf\PerfStatsTracking.java
Falha no Analyzer. Classe 'Unsolved symbol : LastErrorException' não encontrada. File: D:\Desenvolvimento\Projetos Github\running\facebook buck\src\com\facebook\buck\util\network\hostname\HostnameFetching.java
Falha no Analyzer. Classe 'Unsolved symbol : AbstractListeningExecutorService' não encontrada. File: D:\Desenvolvimento\Projetos Github\running\facebook buck\src\com\facebook\buck\util\concurrent\WeightedListeningExecutorService.java
Falha no Analyzer. Classe 'Unsolved symbol : XmlTestRunListener' não encontrada. File: D:\Desenvolvimento\Projetos Github\running\facebook buck\src\com\facebook\buck\testrunner\BuckXmlTestRunListener.java
Falha no Analyzer. Classe 'Unsolved symbol : Runner' não encontrada. File: D:\Desenvolvimento\Projetos Github\running\facebook buck\src\com\facebook\buck\testrunner\DelegateRunnerWithTimeout.java
Falha no Analyzer. Classe 'Unsolved symbol : Statement' não encontrada. File: D:\Desenvolvimento\Projetos Github\running\facebook buck\src\com\facebook\buck\testrunner\SameThreadFailOnTimeout.java
Falha no Analyzer. Classe 'Unsolved symbol : ITestListener' não encontrada. File: D:\Desenvolvimento\Projetos Github\running\facebook buck\src\com\facebook\buck\testrunner\TestNGRunner.java
Falha no Analyzer. Classe 'Unsolved symbol : FileContentsScrubber.ScrubException' não encontrada. File: D:\Desenvolvimento\Projetos Github\running\facebook buck\src\com\facebook\buck\step\fs\FileScrubberStep.java
Falha no Analyzer. Classe 'Unsolved symbol : BusyHandler' não encontrada. File: D:\Desenvolvimento\Projetos Github\running\facebook buck\src\com\facebook\buck\sqlite\RetryBusyHandler.java
Falha no Analyzer. Classe 'Unsolved symbol : TException' não encontrada. File: D:\Desenvolvimento\Projetos Github\running\facebook buck\src\com\facebook\buck\slb\ThriftUtil.java
Falha no Analyzer. Classe 'Unsolved symbol : UncheckedExecutionException' não encontrada. File: D:\Desenvolvimento\Projetos Github\running\facebook buck\src\com\facebook\buck\rules\CellProvider.java
Falha no Analyzer. Classe 'Unsolved symbol : UncheckedExecutionException' não encontrada. File: D:\Desenvolvimento\Projetos Github\running\facebook buck\src\com\facebook\buck\parser\DaemonicParserState.java
Falha no Analyzer. Classe 'Unsolved symbol : ModelBuildingException' não encontrada. File: D:\Desenvolvimento\Projetos Github\running\facebook buck\src\com\facebook\buck\maven\Pom.java
Falha no Analyzer. Classe 'Unsolved symbol : InvalidVersionSpecificationException' não encontrada. File: D:\Desenvolvimento\Projetos Github\running\facebook buck\src\com\facebook\buck\maven\Resolver.java
Falha no Analyzer. Classe 'Unsolved symbol : ForwardingJavaFileManager' não encontrada. File: D:\Desenvolvimento\Projetos Github\running\facebook buck\src\com\facebook\buck\jvm\java\JavaInMemoryFileManager.java
Falha no Analyzer. Classe 'Unsolved symbol : SimpleJavaFileObject' não encontrada. File: D:\Desenvolvimento\Projetos Github\running\facebook buck\src\com\facebook\buck\jvm\java\ZipEntryJavaFileObject.java
Falha no Analyzer. Classe 'Unsolved symbol : CompilationTask' não encontrada. File: D:\Desenvolvimento\Projetos Github\running\facebook buck\src\com\facebook\buck\jvm\java\plugin\api\BuckJavacTaskProxy.java
Falha no Analyzer. Classe 'Unsolved symbol : LastErrorException' não encontrada. File: D:\Desenvolvimento\Projetos Github\running\facebook buck\src\com\facebook\buck\io\unixsocket\ReferenceCountedFileDescriptor.java
Falha no Analyzer. Classe 'Unsolved symbol : LastErrorException' não encontrada. File: D:\Desenvolvimento\Projetos Github\running\facebook buck\src\com\facebook\buck\io\unixsocket\UnixDomainSocket.java
Falha no Analyzer. Classe 'Unsolved symbol : ExecutionException' não encontrada. File: D:\Desenvolvimento\Projetos Github\running\facebook buck\src\com\facebook\buck\intellij\ideabuck\src\com\facebook\buck\intellij\ideabuck\ws\BuckClient.java
Falha no Analyzer. Classe 'Unsolved symbol : BulkFileListener' não encontrada. File: D:\Desenvolvimento\Projetos Github\running\facebook buck\src\com\facebook\buck\intellij\ideabuck\src\com\facebook\buck\intellij\ideabuck\fixup\BulkFileListenerDispatcher.java
Falha no Analyzer. Classe 'Unsolved symbol : RunProfileState' não encontrada. File: D:\Desenvolvimento\Projetos Github\running\facebook buck\src\com\facebook\buck\intellij\ideabuck\src\com\facebook\buck\intellij\ideabuck\configurations\TestExecutionState.java
Falha no Analyzer. Classe 'Unsolved symbol : PersistentStateComponent' não encontrada. File: D:\Desenvolvimento\Projetos Github\running\facebook buck\src\com\facebook\buck\intellij\ideabuck\src\com\facebook\buck\intellij\ideabuck\config\BuckSettingsProvider.java
Falha no Analyzer. Classe 'Unsolved symbol : ProcessCanceledException' não encontrada. File: D:\Desenvolvimento\Projetos Github\running\facebook buck\src\com\facebook\buck\intellij\ideabuck\src\com\facebook\buck\intellij\ideabuck\build\BuckCommandHandler.java
Falha no Analyzer. Classe 'Unsolved symbol : Listener' não encontrada. File: D:\Desenvolvimento\Projetos Github\running\facebook buck\src\com\facebook\buck\intellij\ideabuck\src\com\facebook\buck\intellij\ideabuck\autodeps\BuckAutoDepsContributor.java
Falha no Analyzer. Classe 'Unsolved symbol : AbstractHandler' não encontrada. File: D:\Desenvolvimento\Projetos Github\running\facebook buck\src\com\facebook\buck\httpserver\ArtifactCacheHandler.java
Falha no Analyzer. Classe 'Unsolved symbol : WebSocketServlet' não encontrada. File: D:\Desenvolvimento\Projetos Github\running\facebook buck\src\com\facebook\buck\httpserver\StreamingWebSocketServlet.java
Falha no Analyzer. Classe 'Unsolved symbol : JsonProcessingException' não encontrada. File: D:\Desenvolvimento\Projetos Github\running\facebook buck\src\com\facebook\buck\event\listener\MachineReadableLoggerListener.java
Falha no Analyzer. Classe 'Unsolved symbol : TTransportException' não encontrada. File: D:\Desenvolvimento\Projetos Github\running\facebook buck\src\com\facebook\buck\eden\EdenClient.java
Falha no Analyzer. Classe 'Unsolved symbol : TException' não encontrada. File: D:\Desenvolvimento\Projetos Github\running\facebook buck\src\com\facebook\buck\eden\EdenMount.java
Falha no Analyzer. Classe 'Unsolved symbol : TException' não encontrada. File: D:\Desenvolvimento\Projetos Github\running\facebook buck\src\com\facebook\buck\eden\EdenProjectFilesystemDelegate.java
Falha no Analyzer. Classe 'Unsolved symbol : JsonProcessingException' não encontrada. File: D:\Desenvolvimento\Projetos Github\running\facebook buck\src\com\facebook\buck\doctor\DoctorReportHelper.java
Falha no Analyzer. Classe 'Unsolved symbol : JsonProcessingException' não encontrada. File: D:\Desenvolvimento\Projetos Github\running\facebook buck\src\com\facebook\buck\distributed\DistBuildTargetGraphCodec.java
Falha no Analyzer. Classe 'Unsolved symbol : TTransportException' não encontrada. File: D:\Desenvolvimento\Projetos Github\running\facebook buck\src\com\facebook\buck\distributed\ThriftCoordinatorClient.java
Falha no Analyzer. Classe 'Unsolved symbol : TTransportException' não encontrada. File: D:\Desenvolvimento\Projetos Github\running\facebook buck\src\com\facebook\buck\distributed\ThriftCoordinatorServer.java
Falha no Analyzer. Classe 'Unsolved symbol : UncheckedExecutionException' não encontrada. File: D:\Desenvolvimento\Projetos Github\running\facebook buck\src\com\facebook\buck\cxx\CxxPrecompiledHeader.java
Falha no Analyzer. Classe 'Unsolved symbol : UncheckedExecutionException' não encontrada. File: D:\Desenvolvimento\Projetos Github\running\facebook buck\src\com\facebook\buck\config\ConfigViewCache.java
Falha no Analyzer. Classe 'Unsolved symbol : CmdLineParser' não encontrada. File: D:\Desenvolvimento\Projetos Github\running\facebook buck\src\com\facebook\buck\cli\AdditionalOptionsCmdLineParser.java
Falha no Analyzer. Classe 'Unsolved symbol : CmdLineException' não encontrada. File: D:\Desenvolvimento\Projetos Github\running\facebook buck\src\com\facebook\buck\cli\HelpCommand.java
Falha no Analyzer. Classe 'Unsolved symbol : CmdLineException' não encontrada. File: D:\Desenvolvimento\Projetos Github\running\facebook buck\src\com\facebook\buck\cli\Main.java
Falha no Analyzer. Classe 'Unsolved symbol : DeploymentException' não encontrada. File: D:\Desenvolvimento\Projetos Github\running\facebook buck\src\com\facebook\buck\cli\PublishCommand.java
Falha no Analyzer. Classe 'Unsolved symbol : OptionHandler' não encontrada. File: D:\Desenvolvimento\Projetos Github\running\facebook buck\src\com\facebook\buck\cli\TestSelectorOptions.java
Falha no Analyzer. Classe 'Unsolved symbol : PropertyListFormatException' não encontrada. File: D:\Desenvolvimento\Projetos Github\running\facebook buck\src\com\facebook\buck\apple\AppleCxxPlatforms.java
Falha no Analyzer. Classe 'Unsolved symbol : PropertyListFormatException' não encontrada. File: D:\Desenvolvimento\Projetos Github\running\facebook buck\src\com\facebook\buck\apple\AppleInfoPlistParsing.java
Falha no Analyzer. Classe 'Unsolved symbol : PropertyListFormatException' não encontrada. File: D:\Desenvolvimento\Projetos Github\running\facebook buck\src\com\facebook\buck\apple\AppleSdkDiscovery.java
Falha no Analyzer. Classe 'Unsolved symbol : PropertyListFormatException' não encontrada. File: D:\Desenvolvimento\Projetos Github\running\facebook buck\src\com\facebook\buck\apple\AppleToolchainDiscovery.java
Falha no Analyzer. Classe 'Unsolved symbol : PropertyListFormatException' não encontrada. File: D:\Desenvolvimento\Projetos Github\running\facebook buck\src\com\facebook\buck\apple\PlistProcessStep.java
Falha no Analyzer. Classe 'Unsolved symbol : PropertyListFormatException' não encontrada. File: D:\Desenvolvimento\Projetos Github\running\facebook buck\src\com\facebook\buck\apple\ProvisioningProfileCopyStep.java
Falha no Analyzer. Classe 'Unsolved symbol : RuntimeJsonMappingException' não encontrada. File: D:\Desenvolvimento\Projetos Github\running\facebook buck\src\com\facebook\buck\apple\XctoolOutputParsing.java
Falha no Analyzer. Classe 'Unsolved symbol : UncheckedExecutionException' não encontrada. File: D:\Desenvolvimento\Projetos Github\running\facebook buck\src\com\facebook\buck\apple\project_generator\ProjectGenerator.java
Falha no Analyzer. Classe 'Unsolved symbol : Supplier' não encontrada. File: D:\Desenvolvimento\Projetos Github\running\facebook buck\src\com\facebook\buck\android\AndroidPlatformTargetSupplier.java
Falha no Analyzer. Classe 'Unsolved symbol : ApkCreationException' não encontrada. File: D:\Desenvolvimento\Projetos Github\running\facebook buck\src\com\facebook\buck\android\ApkBuilderStep.java
Falha no Analyzer. Classe 'Unsolved symbol : Supplier' não encontrada. File: D:\Desenvolvimento\Projetos Github\running\facebook buck\src\com\facebook\buck\android\ClassNodeListSupplier.java
Falha no Analyzer. Classe 'Unsolved symbol : AdbCommandRejectedException' não encontrada. File: D:\Desenvolvimento\Projetos Github\running\facebook buck\src\com\facebook\buck\android\exopackage\RealAndroidDevice.java
Falha no Analyzer. Classe 'Unsolved symbol : MergingException' não encontrada. File: D:\Desenvolvimento\Projetos Github\running\facebook buck\src\com\facebook\buck\android\aapt\AbstractMergeAndroidResourceSourcesStep.java

UNSUPPORTED ERROR FILES
Falha no Analyzer. UnsupportedOperation ao parsear arquivo. File: D:\Desenvolvimento\Projetos Github\running\facebook buck\src\com\facebook\buck\util\network\offline\OfflineScribeLogger.java
Falha no Analyzer. UnsupportedOperation ao parsear arquivo. File: D:\Desenvolvimento\Projetos Github\running\facebook buck\src\com\facebook\buck\util\concurrent\MoreFutures.java
Falha no Analyzer. UnsupportedOperation ao parsear arquivo. File: D:\Desenvolvimento\Projetos Github\running\facebook buck\src\com\facebook\buck\util\concurrent\ResourcePool.java
Falha no Analyzer. UnsupportedOperation ao parsear arquivo. File: D:\Desenvolvimento\Projetos Github\running\facebook buck\src\com\facebook\buck\rules\BuildInfoRecorder.java
Falha no Analyzer. UnsupportedOperation ao parsear arquivo. File: D:\Desenvolvimento\Projetos Github\running\facebook buck\src\com\facebook\buck\rules\CachingBuildEngine.java
Falha no Analyzer. UnsupportedOperation ao parsear arquivo. File: D:\Desenvolvimento\Projetos Github\running\facebook buck\src\com\facebook\buck\rules\TargetNodeFactory.java
Falha no Analyzer. UnsupportedOperation ao parsear arquivo. File: D:\Desenvolvimento\Projetos Github\running\facebook buck\src\com\facebook\buck\rules\coercer\CoercedTypeCache.java
Falha no Analyzer. UnsupportedOperation ao parsear arquivo. File: D:\Desenvolvimento\Projetos Github\running\facebook buck\src\com\facebook\buck\rules\args\MacroArg.java
Falha no Analyzer. UnsupportedOperation ao parsear arquivo. File: D:\Desenvolvimento\Projetos Github\running\facebook buck\src\com\facebook\buck\jvm\java\JarFattener.java
Falha no Analyzer. UnsupportedOperation ao parsear arquivo. File: D:\Desenvolvimento\Projetos Github\running\facebook buck\src\com\facebook\buck\jvm\java\plugin\adapter\BuckJavacTask.java
Falha no Analyzer. UnsupportedOperation ao parsear arquivo. File: D:\Desenvolvimento\Projetos Github\running\facebook buck\src\com\facebook\buck\jvm\java\plugin\adapter\BuckJavacTaskProxyImpl.java
Falha no Analyzer. UnsupportedOperation ao parsear arquivo. File: D:\Desenvolvimento\Projetos Github\running\facebook buck\src\com\facebook\buck\io\Watchman.java
Falha no Analyzer. UnsupportedOperation ao parsear arquivo. File: D:\Desenvolvimento\Projetos Github\running\facebook buck\src\com\facebook\buck\io\WatchmanTransportClient.java
Falha no Analyzer. UnsupportedOperation ao parsear arquivo. File: D:\Desenvolvimento\Projetos Github\running\facebook buck\src\com\facebook\buck\go\GoDescriptors.java
Falha no Analyzer. UnsupportedOperation ao parsear arquivo. File: D:\Desenvolvimento\Projetos Github\running\facebook buck\src\com\facebook\buck\distributed\DistBuildSlaveExecutor.java
Falha no Analyzer. UnsupportedOperation ao parsear arquivo. File: D:\Desenvolvimento\Projetos Github\running\facebook buck\src\com\facebook\buck\cli\AuditDependenciesCommand.java
Falha no Analyzer. UnsupportedOperation ao parsear arquivo. File: D:\Desenvolvimento\Projetos Github\running\facebook buck\src\com\facebook\buck\cli\AuditOwnerCommand.java
Falha no Analyzer. UnsupportedOperation ao parsear arquivo. File: D:\Desenvolvimento\Projetos Github\running\facebook buck\src\com\facebook\buck\cli\AuditTestsCommand.java
Falha no Analyzer. UnsupportedOperation ao parsear arquivo. File: D:\Desenvolvimento\Projetos Github\running\facebook buck\src\com\facebook\buck\cli\BuildCommand.java
Falha no Analyzer. UnsupportedOperation ao parsear arquivo. File: D:\Desenvolvimento\Projetos Github\running\facebook buck\src\com\facebook\buck\cli\TestRunning.java
Falha no Analyzer. UnsupportedOperation ao parsear arquivo. File: D:\Desenvolvimento\Projetos Github\running\facebook buck\src\com\facebook\buck\build_type\BuildType.java
Falha no Analyzer. UnsupportedOperation ao parsear arquivo. File: D:\Desenvolvimento\Projetos Github\running\facebook buck\src\com\facebook\buck\apple\AppleConfig.java
Falha no Analyzer. UnsupportedOperation ao parsear arquivo. File: D:\Desenvolvimento\Projetos Github\running\facebook buck\src\com\facebook\buck\apple\XcodeToolFinder.java

UNKNOWN ANCESTRAL

UNKNOWN SIGNALERS
Falha no Analyzer. A sinalização não é de um dos tipos suportados. Sinalização: 'ExceptionWithContext.withContext(ex, "...while writing " + "instructions for " + ref.toHuman())'. File: D:\Desenvolvimento\Projetos Github\running\facebook buck\third-party\java\dx\src\com\android\dx\dex\file\CodeItem.java
Falha no Analyzer. A sinalização não é de um dos tipos suportados. Sinalização: 'ExceptionWithContext.withContext(ex, "...while decoding debug info")'. File: D:\Desenvolvimento\Projetos Github\running\facebook buck\third-party\java\dx\src\com\android\dx\dex\file\DebugInfoDecoder.java
Falha no Analyzer. A sinalização não é de um dos tipos suportados. Sinalização: 'ExceptionWithContext.withContext(ex, "...while encoding debug info")'. File: D:\Desenvolvimento\Projetos Github\running\facebook buck\third-party\java\dx\src\com\android\dx\dex\file\DebugInfoEncoder.java
Falha no Analyzer. A sinalização não é de um dos tipos suportados. Sinalização: 'ExceptionWithContext.withContext(ex, "...while placing debug info for " + ref.toHuman())'. File: D:\Desenvolvimento\Projetos Github\running\facebook buck\third-party\java\dx\src\com\android\dx\dex\file\DebugInfoItem.java
Falha no Analyzer. A sinalização não é de um dos tipos suportados. Sinalização: 'ExceptionWithContext.withContext(ex, "...while writing section " + i)'. File: D:\Desenvolvimento\Projetos Github\running\facebook buck\third-party\java\dx\src\com\android\dx\dex\file\DexFile.java
Falha no Analyzer. A sinalização não é de um dos tipos suportados. Sinalização: 'ExceptionWithContext.withContext(ex, "...while placing " + one)'. File: D:\Desenvolvimento\Projetos Github\running\facebook buck\third-party\java\dx\src\com\android\dx\dex\file\MixedItemSection.java
Falha no Analyzer. A sinalização não é de um dos tipos suportados. Sinalização: 'ExceptionWithContext.withContext(ex, "...while writing " + this)'. File: D:\Desenvolvimento\Projetos Github\running\facebook buck\third-party\java\dx\src\com\android\dx\dex\file\OffsettedItem.java
Falha no Analyzer. A sinalização não é de um dos tipos suportados. Sinalização: 'ExceptionWithContext.withContext(ex, "...while writing " + insn)'. File: D:\Desenvolvimento\Projetos Github\running\facebook buck\third-party\java\dx\src\com\android\dx\dex\code\DalvInsnList.java
Falha no Analyzer. A sinalização não é de um dos tipos suportados. Sinalização: 'ExceptionWithContext.withContext(ex, msg)'. File: D:\Desenvolvimento\Projetos Github\running\facebook buck\third-party\java\dx\src\com\android\dx\dex\cf\CfTranslator.java
Falha no Analyzer. A sinalização não é de um dos tipos suportados. Sinalização: '(t instanceof Exception) ? (Exception) t : ex'. File: D:\Desenvolvimento\Projetos Github\running\facebook buck\third-party\java\dx\src\com\android\dx\command\dexer\Main.java
Falha no Analyzer. Tipo sinalizado não pôde ser resolvido. Sinalização: 'throw new RuntimeException(ex);'. File: D:\Desenvolvimento\Projetos Github\running\facebook buck\third-party\java\dx\src\com\android\dx\command\annotool\AnnotationLister.java
Falha no Analyzer. Sinalizado um NameExpr, mas a exceção não está na pilha. Expressão sinalizada: 'pe'. File: D:\Desenvolvimento\Projetos Github\running\facebook buck\third-party\java\dx\src\com\android\dx\cf\direct\AttributeListParser.java
Falha no Analyzer. Sinalizado um NameExpr, mas a exceção não está na pilha. Expressão sinalizada: 'pe'. File: D:\Desenvolvimento\Projetos Github\running\facebook buck\third-party\java\dx\src\com\android\dx\cf\direct\DirectClassFile.java
Falha no Analyzer. Sinalizado um NameExpr, mas a exceção não está na pilha. Expressão sinalizada: 'pe'. File: D:\Desenvolvimento\Projetos Github\running\facebook buck\third-party\java\dx\src\com\android\dx\cf\direct\MemberListParser.java
Falha no Analyzer. Sinalizado um NameExpr, mas a exceção não está na pilha. Expressão sinalizada: 'pe'. File: D:\Desenvolvimento\Projetos Github\running\facebook buck\third-party\java\dx\src\com\android\dx\cf\cst\ConstantPoolParser.java
Falha no Analyzer. Sinalizado um NameExpr, mas a exceção não está na pilha. Expressão sinalizada: 'se'. File: D:\Desenvolvimento\Projetos Github\running\facebook buck\third-party\java\dx\src\com\android\dx\cf\code\BytecodeArray.java
Falha no Analyzer. Sinalizado um NameExpr, mas a exceção não está na pilha. Expressão sinalizada: 'ex'. File: D:\Desenvolvimento\Projetos Github\running\facebook buck\third-party\java\aosp\src\com\android\common\utils\SdkUtils.java
Falha no Analyzer. Tipo sinalizado não pôde ser resolvido. Sinalização: 'throw new VerifyException(String.format("%s: unknown version universe \"%s\"", root.getBuildTarget(), universeName.get()));'. File: D:\Desenvolvimento\Projetos Github\running\facebook buck\src\com\facebook\buck\versions\VersionUniverseVersionSelector.java
Falha no Analyzer. Tipo sinalizado não pôde ser resolvido. Sinalização: 'throw new IllegalArgumentException(String.format("Did not recognize \"%s\" as a boolean", jsonParser.getText()));'. File: D:\Desenvolvimento\Projetos Github\running\facebook buck\src\com\facebook\buck\util\LenientBooleanJsonDeserializer.java
Falha no Analyzer. Sinalizado um tipo que não é uma classe. File: D:\Desenvolvimento\Projetos Github\running\facebook buck\src\com\facebook\buck\util\RichStreamImpl.java
Falha no Analyzer. Tipo sinalizado não pôde ser resolvido. Sinalização: 'throw new RuntimeException("Unexpected type parameter for Optional: " + type);'. File: D:\Desenvolvimento\Projetos Github\running\facebook buck\src\com\facebook\buck\util\Types.java
Falha no Analyzer. Tipo sinalizado não pôde ser resolvido. Sinalização: 'throw new IllegalStateException("fireTestFinished() should update finishedTests.");'. File: D:\Desenvolvimento\Projetos Github\running\facebook buck\src\com\facebook\buck\testrunner\DelegateRunNotifier.java
Falha no Analyzer. Tipo sinalizado não pôde ser resolvido. Sinalização: 'throw StepFailedException.createForFailingStepWithException(step, context, e, buildTarget);'. File: D:\Desenvolvimento\Projetos Github\running\facebook buck\src\com\facebook\buck\step\DefaultStepRunner.java
Falha no Analyzer. Tipo sinalizado não pôde ser resolvido. Sinalização: 'throw CoerceFailedException.simple(object, getOutputClass());'. File: D:\Desenvolvimento\Projetos Github\running\facebook buck\src\com\facebook\buck\rules\coercer\BuildConfigFieldsTypeCoercer.java
Falha no Analyzer. Tipo sinalizado não pôde ser resolvido. Sinalização: 'throw CoerceFailedException.simple(object, getOutputClass());'. File: D:\Desenvolvimento\Projetos Github\running\facebook buck\src\com\facebook\buck\rules\coercer\BuildTargetTypeCoercer.java
Falha no Analyzer. Tipo sinalizado não pôde ser resolvido. Sinalização: 'throw CoerceFailedException.simple(object, getOutputClass(), "Allowed values: " + Arrays.toString(enumClass.getEnumConstants()));'. File: D:\Desenvolvimento\Projetos Github\running\facebook buck\src\com\facebook\buck\rules\coercer\EnumTypeCoercer.java
Falha no Analyzer. Tipo sinalizado não pôde ser resolvido. Sinalização: 'throw CoerceFailedException.simple(object, getOutputClass(), "input should be either a source tree path or a source path");'. File: D:\Desenvolvimento\Projetos Github\running\facebook buck\src\com\facebook\buck\rules\coercer\FrameworkPathTypeCoercer.java
Falha no Analyzer. A sinalização não é de um dos tipos suportados. Sinalização: 'CoerceFailedException.simple(object, getOutputClass(), ex.getMessage())'. File: D:\Desenvolvimento\Projetos Github\running\facebook buck\src\com\facebook\buck\rules\coercer\LogLevelTypeCoercer.java
Falha no Analyzer. Tipo sinalizado não pôde ser resolvido. Sinalização: 'throw CoerceFailedException.simple(object, getOutputClass());'. File: D:\Desenvolvimento\Projetos Github\running\facebook buck\src\com\facebook\buck\rules\coercer\ManifestEntriesTypeCoercer.java
Falha no Analyzer. Tipo sinalizado não pôde ser resolvido. Sinalização: 'throw CoerceFailedException.simple(object, getOutputClass());'. File: D:\Desenvolvimento\Projetos Github\running\facebook buck\src\com\facebook\buck\rules\coercer\MapTypeCoercer.java
Falha no Analyzer. Tipo sinalizado não pôde ser resolvido. Sinalização: 'throw CoerceFailedException.simple(object, getOutputClass(), "the needed coverage ratio should be in range [0; 1]");'. File: D:\Desenvolvimento\Projetos Github\running\facebook buck\src\com\facebook\buck\rules\coercer\NeededCoverageSpecTypeCoercer.java
Falha no Analyzer. Tipo sinalizado não pôde ser resolvido. Sinalização: 'throw CoerceFailedException.simple(object, getOutputClass());'. File: D:\Desenvolvimento\Projetos Github\running\facebook buck\src\com\facebook\buck\rules\coercer\OcamlSourceTypeCoercer.java
Falha no Analyzer. Tipo sinalizado não pôde ser resolvido. Sinalização: 'throw CoerceFailedException.simple(object, getOutputClass());'. File: D:\Desenvolvimento\Projetos Github\running\facebook buck\src\com\facebook\buck\rules\coercer\QueryCoercer.java
Falha no Analyzer. Tipo sinalizado não pôde ser resolvido. Sinalização: 'throw CoerceFailedException.simple(object, getOutputClass());'. File: D:\Desenvolvimento\Projetos Github\running\facebook buck\src\com\facebook\buck\rules\coercer\SortedMapTypeCoercer.java
Falha no Analyzer. Tipo sinalizado não pôde ser resolvido. Sinalização: 'throw CoerceFailedException.simple(object, getOutputClass());'. File: D:\Desenvolvimento\Projetos Github\running\facebook buck\src\com\facebook\buck\rules\coercer\SortedSetTypeCoercer.java
Falha no Analyzer. Tipo sinalizado não pôde ser resolvido. Sinalização: 'throw CoerceFailedException.simple(object, getOutputClass(), "input should be either a source path or a pair of a source path and a list of flags");'. File: D:\Desenvolvimento\Projetos Github\running\facebook buck\src\com\facebook\buck\rules\coercer\SourceWithFlagsTypeCoercer.java
Falha no Analyzer. Tipo sinalizado não pôde ser resolvido. Sinalização: 'throw CoerceFailedException.simple(object, getOutputClass());'. File: D:\Desenvolvimento\Projetos Github\running\facebook buck\src\com\facebook\buck\rules\coercer\StringWithMacrosTypeCoercer.java
Falha no Analyzer. Tipo sinalizado não pôde ser resolvido. Sinalização: 'throw CoerceFailedException.simple(object, getOutputClass(), "Cannot covert to a URI: " + object);'. File: D:\Desenvolvimento\Projetos Github\running\facebook buck\src\com\facebook\buck\rules\coercer\UriTypeCoercer.java
Falha no Analyzer. Tipo sinalizado não pôde ser resolvido. Sinalização: 'throw CoerceFailedException.simple(object, getOutputClass());'. File: D:\Desenvolvimento\Projetos Github\running\facebook buck\src\com\facebook\buck\rules\coercer\VersionTypeCoercer.java
Falha no Analyzer. A sinalização não é de um dos tipos suportados. Sinalização: 'toHumanReadableException(e)'. File: D:\Desenvolvimento\Projetos Github\running\facebook buck\src\com\facebook\buck\rules\args\AbstractStringWithMacrosArg.java
Falha no Analyzer. A sinalização não é de um dos tipos suportados. Sinalização: 'syntaxError(e, function)'. File: D:\Desenvolvimento\Projetos Github\running\facebook buck\src\com\facebook\buck\query\QueryParser.java
Falha no Analyzer. Tipo sinalizado não pôde ser resolvido. Sinalização: 'throw createDuplicateError(type, destination, sourceDesc, Preconditions.checkNotNull(sourceDescs.get(destination)));'. File: D:\Desenvolvimento\Projetos Github\running\facebook buck\src\com\facebook\buck\python\AbstractPythonPackageComponents.java
Falha no Analyzer. Tipo sinalizado não pôde ser resolvido. Sinalização: 'throw UnexpectedFlavorException.createWithSuggestions(cell, target);'. File: D:\Desenvolvimento\Projetos Github\running\facebook buck\src\com\facebook\buck\parser\DefaultParserTargetNodeFactory.java
Falha no Analyzer. Tipo sinalizado não pôde ser resolvido. Sinalização: 'throw ParserMessages.createReadableExceptionWithWhenSuffix(target, dep, e);'. File: D:\Desenvolvimento\Projetos Github\running\facebook buck\src\com\facebook\buck\parser\Parser.java
Falha no Analyzer. Tipo sinalizado não pôde ser resolvido. Sinalização: 'throw NoSuchBuildTargetException.createForMissingBuildRule(buildTarget, cell.getAbsolutePathToBuildFile(buildTarget));'. File: D:\Desenvolvimento\Projetos Github\running\facebook buck\src\com\facebook\buck\parser\RawNodeParsePipeline.java
Falha no Analyzer. Tipo sinalizado não pôde ser resolvido. Sinalização: 'throw new NoSuchElementException("No more macro matches");'. File: D:\Desenvolvimento\Projetos Github\running\facebook buck\src\com\facebook\buck\model\MacroFinder.java
Falha no Analyzer. Tipo sinalizado não pôde ser resolvido. Sinalização: 'throw new RuntimeException(String.format("Failed to initialize service %s, implemented by %s: %s", type.getName(), impl.getName(), exception.getMessage()), exception);'. File: D:\Desenvolvimento\Projetos Github\running\facebook buck\src\com\facebook\buck\maven\AetherUtil.java
Falha no Analyzer. Tipo sinalizado não pôde ser resolvido. Sinalização: 'throw new DeploymentException(sb.toString());'. File: D:\Desenvolvimento\Projetos Github\running\facebook buck\src\com\facebook\buck\maven\Publisher.java
Falha no Analyzer. A sinalização não é de um dos tipos suportados. Sinalização: 'e.getCause()'. File: D:\Desenvolvimento\Projetos Github\running\facebook buck\src\com\facebook\buck\jvm\java\AbstractJavacOptions.java
Falha no Analyzer. Tipo sinalizado não pôde ser resolvido. Sinalização: 'throw new RuntimeException(String.format("Use of wildcard 'import %s.*' makes it impossible to statically determine " + "required symbols in this file. Please enumerate explicit imports.", fullyQualifiedName));'. File: D:\Desenvolvimento\Projetos Github\running\facebook buck\src\com\facebook\buck\jvm\java\JavaFileParser.java
Falha no Analyzer. Tipo sinalizado não pôde ser resolvido. Sinalização: 'throw new IllegalArgumentException("taskListener is a proxy, unwrap it rather than creating another proxy");'. File: D:\Desenvolvimento\Projetos Github\running\facebook buck\src\com\facebook\buck\jvm\java\plugin\adapter\BuckJavacTaskListenerProxy.java
Falha no Analyzer. Tipo sinalizado não pôde ser resolvido. Sinalização: 'throw new IllegalArgumentException(String.format("Unexpected element kind: %s", element.getKind()));'. File: D:\Desenvolvimento\Projetos Github\running\facebook buck\src\com\facebook\buck\jvm\java\abi\DescriptorFactory.java
Falha no Analyzer. Tipo sinalizado não pôde ser resolvido. Sinalização: 'throw new IllegalArgumentException(String.format("Unexpected element kind: %s", e.getKind()));'. File: D:\Desenvolvimento\Projetos Github\running\facebook buck\src\com\facebook\buck\jvm\java\abi\SignatureFactory.java
Falha no Analyzer. Tipo sinalizado não pôde ser resolvido. Sinalização: 'throw new UnsupportedOperationException("NYI");'. File: D:\Desenvolvimento\Projetos Github\running\facebook buck\src\com\facebook\buck\jvm\java\abi\TypeScanner8.java
Falha no Analyzer. Tipo sinalizado não pôde ser resolvido. Sinalização: 'throw new AssertionError(String.format("Unknown TypeKind: %s", kind));'. File: D:\Desenvolvimento\Projetos Github\running\facebook buck\src\com\facebook\buck\jvm\java\abi\source\StandaloneTypeMirror.java
Falha no Analyzer. Tipo sinalizado não pôde ser resolvido. Sinalização: 'throw new UnsupportedOperationException();'. File: D:\Desenvolvimento\Projetos Github\running\facebook buck\src\com\facebook\buck\jvm\java\abi\source\TreeBackedElements.java
Falha no Analyzer. Tipo sinalizado não pôde ser resolvido. Sinalização: 'throw new AssertionError(String.format("Unexpected tree kind %s", tree.getKind()));'. File: D:\Desenvolvimento\Projetos Github\running\facebook buck\src\com\facebook\buck\jvm\java\abi\source\TreeBackedEnter.java
Falha no Analyzer. Tipo sinalizado não pôde ser resolvido. Sinalização: 'throw new UnsupportedOperationException("Annotations NYI");'. File: D:\Desenvolvimento\Projetos Github\running\facebook buck\src\com\facebook\buck\jvm\java\abi\source\TreeBackedMessager.java
Falha no Analyzer. Tipo sinalizado não pôde ser resolvido. Sinalização: '// This method is only ever called from IDEs, which is not a scenario for Buck right now
throw new UnsupportedOperationException();'. File: D:\Desenvolvimento\Projetos Github\running\facebook buck\src\com\facebook\buck\jvm\java\abi\source\TreeBackedProcessorWrapper.java
Falha no Analyzer. Tipo sinalizado não pôde ser resolvido. Sinalização: 'throw new UnsupportedOperationException();'. File: D:\Desenvolvimento\Projetos Github\running\facebook buck\src\com\facebook\buck\jvm\java\abi\source\TreeBackedTrees.java
Falha no Analyzer. Tipo sinalizado não pôde ser resolvido. Sinalização: 'throw new UnsupportedOperationException("Type variables not yet implemented");'. File: D:\Desenvolvimento\Projetos Github\running\facebook buck\src\com\facebook\buck\jvm\java\abi\source\TreeBackedTypes.java
Falha no Analyzer. Tipo sinalizado não pôde ser resolvido. Sinalização: 'throw new JsonParseException(jp, "Missing expected START_OBJECT");'. File: D:\Desenvolvimento\Projetos Github\running\facebook buck\src\com\facebook\buck\json\BuildFilePythonResultDeserializer.java
Falha no Analyzer. A sinalização não é de um dos tipos suportados. Sinalização: 'BuildFileParseException.createForBuildFileParseError(buildFile, e)'. File: D:\Desenvolvimento\Projetos Github\running\facebook buck\src\com\facebook\buck\json\ProjectBuildFileParser.java
Falha no Analyzer. Tipo sinalizado não pôde ser resolvido. Sinalização: 'throw new IOException("Cannot fit name [" + path + "] in maximum unix domain socket length");'. File: D:\Desenvolvimento\Projetos Github\running\facebook buck\src\com\facebook\buck\io\unixsocket\UnixDomainSocketLibrary.java
Falha no Analyzer. Tipo sinalizado não pôde ser resolvido. Sinalização: 'throw new ExecutionException("Please specify the buck executable path!\n" + "Preference -> Tools -> Buck -> Path to Buck executable");'. File: D:\Desenvolvimento\Projetos Github\running\facebook buck\src\com\facebook\buck\intellij\ideabuck\src\com\facebook\buck\intellij\ideabuck\configurations\TestProgramRunner.java
Falha no Analyzer. Tipo sinalizado não pôde ser resolvido. Sinalização: 'throw createCycleException(child, toExplore);'. File: D:\Desenvolvimento\Projetos Github\running\facebook buck\src\com\facebook\buck\graph\AcyclicDepthFirstPostOrderTraversal.java
Falha no Analyzer. Tipo sinalizado não pôde ser resolvido. Sinalização: 'throw e;'. File: D:\Desenvolvimento\Projetos Github\running\facebook buck\src\com\facebook\buck\event\listener\SuperConsoleEventBusListener.java
Falha no Analyzer. Tipo sinalizado não pôde ser resolvido. Sinalização: 'throw e.getHumanReadableExceptionForBuildTarget(getBaseBuildTarget());'. File: D:\Desenvolvimento\Projetos Github\running\facebook buck\src\com\facebook\buck\cxx\AbstractCxxSourceRuleFactory.java
Falha no Analyzer. Tipo sinalizado não pôde ser resolvido. Sinalização: 'throw e.getHumanReadableExceptionForBuildTarget(getBuildTarget());'. File: D:\Desenvolvimento\Projetos Github\running\facebook buck\src\com\facebook\buck\cxx\CxxPrecompiledHeaderTemplate.java
Falha no Analyzer. A sinalização não é de um dos tipos suportados. Sinalização: 'e.getCause()'. File: D:\Desenvolvimento\Projetos Github\running\facebook buck\src\com\facebook\buck\cxx\CxxPreprocessAndCompileStep.java
Falha no Analyzer. Tipo sinalizado não pôde ser resolvido. Sinalização: 'throw new ScrubException(e.getMessage());'. File: D:\Desenvolvimento\Projetos Github\running\facebook buck\src\com\facebook\buck\cxx\LcUuidContentsScrubber.java
Falha no Analyzer. Tipo sinalizado não pôde ser resolvido. Sinalização: 'throw new ScrubException(e.getMessage());'. File: D:\Desenvolvimento\Projetos Github\running\facebook buck\src\com\facebook\buck\cxx\OsoSymbolsContentsScrubber.java
Falha no Analyzer. Tipo sinalizado não pôde ser resolvido. Sinalização: 'throw new ScrubException(e.getMessage());'. File: D:\Desenvolvimento\Projetos Github\running\facebook buck\src\com\facebook\buck\cxx\platform\ObjectFileScrubbers.java
Falha no Analyzer. Tipo sinalizado não pôde ser resolvido. Sinalização: 'throw e;'. File: D:\Desenvolvimento\Projetos Github\running\facebook buck\src\com\facebook\buck\command\Build.java
Falha no Analyzer. Tipo sinalizado não pôde ser resolvido. Sinalização: 'throw ParserMessages.createReadableExceptionWithWhenSuffix(buildTarget, parseDep, (BuildFileParseException) exceptionInput);'. File: D:\Desenvolvimento\Projetos Github\running\facebook buck\src\com\facebook\buck\cli\BuckQueryEnvironment.java

